TN:
SF:./js/src/mirador.js
FN:1,(anonymous_1)
FNF:1
FNH:0
FNDA:0,(anonymous_1)
DA:1,1
DA:6,0
DA:8,0
DA:11,0
LF:4
LH:1
BRDA:1,1,0,1
BRDA:1,1,1,1
BRF:2
BRH:2
end_of_record
TN:
SF:./js/src/settings.js
FN:1,(anonymous_1)
FNF:1
FNH:1
FNDA:1,(anonymous_1)
DA:1,1
DA:6,1
LF:2
LH:2
BRF:0
BRH:0
end_of_record
TN:
SF:./js/src/viewer.js
FN:1,(anonymous_1)
FN:3,(anonymous_2)
FN:38,(anonymous_3)
FN:45,(anonymous_4)
FN:95,(anonymous_5)
FN:98,(anonymous_6)
FN:100,(anonymous_7)
FN:103,(anonymous_8)
FN:111,(anonymous_9)
FN:118,(anonymous_10)
FN:129,(anonymous_11)
FN:132,(anonymous_12)
FN:141,(anonymous_13)
FN:145,(anonymous_14)
FN:149,(anonymous_15)
FN:153,(anonymous_16)
FN:156,(anonymous_17)
FN:161,(anonymous_18)
FN:163,(anonymous_19)
FN:167,(anonymous_20)
FN:174,(anonymous_21)
FN:183,(anonymous_22)
FN:192,(anonymous_23)
FN:198,(anonymous_24)
FNF:24
FNH:1
FNDA:1,(anonymous_1)
FNDA:0,(anonymous_2)
FNDA:0,(anonymous_3)
FNDA:0,(anonymous_4)
FNDA:0,(anonymous_5)
FNDA:0,(anonymous_6)
FNDA:0,(anonymous_7)
FNDA:0,(anonymous_8)
FNDA:0,(anonymous_9)
FNDA:0,(anonymous_10)
FNDA:0,(anonymous_11)
FNDA:0,(anonymous_12)
FNDA:0,(anonymous_13)
FNDA:0,(anonymous_14)
FNDA:0,(anonymous_15)
FNDA:0,(anonymous_16)
FNDA:0,(anonymous_17)
FNDA:0,(anonymous_18)
FNDA:0,(anonymous_19)
FNDA:0,(anonymous_20)
FNDA:0,(anonymous_21)
FNDA:0,(anonymous_22)
FNDA:0,(anonymous_23)
FNDA:0,(anonymous_24)
DA:1,1
DA:3,1
DA:5,0
DA:29,0
DA:31,0
DA:32,0
DA:36,1
DA:39,0
DA:41,0
DA:44,0
DA:45,0
DA:46,0
DA:49,0
DA:50,0
DA:54,0
DA:55,0
DA:59,0
DA:63,0
DA:64,0
DA:68,0
DA:69,0
DA:75,0
DA:84,0
DA:86,0
DA:90,0
DA:92,0
DA:96,0
DA:98,0
DA:99,0
DA:100,0
DA:101,0
DA:103,0
DA:104,0
DA:112,0
DA:113,0
DA:115,0
DA:119,0
DA:120,0
DA:121,0
DA:123,0
DA:125,0
DA:130,0
DA:132,0
DA:133,0
DA:134,0
DA:137,0
DA:138,0
DA:142,0
DA:146,0
DA:150,0
DA:154,0
DA:156,0
DA:157,0
DA:158,0
DA:159,0
DA:160,0
DA:161,0
DA:162,0
DA:163,0
DA:164,0
DA:168,0
DA:175,0
DA:184,0
DA:187,0
DA:188,0
DA:189,0
DA:190,0
DA:191,0
DA:192,0
DA:193,0
DA:200,0
DA:201,0
DA:217,0
LF:73
LH:3
BRDA:29,1,0,0
BRDA:29,1,1,0
BRDA:31,2,0,0
BRDA:31,2,1,0
BRDA:46,3,0,0
BRDA:46,3,1,0
BRDA:49,4,0,0
BRDA:49,4,1,0
BRDA:54,5,0,0
BRDA:54,5,1,0
BRDA:63,6,0,0
BRDA:63,6,1,0
BRDA:68,7,0,0
BRDA:68,7,1,0
BRDA:70,8,0,0
BRDA:70,8,1,0
BRDA:99,9,0,0
BRDA:99,9,1,0
BRDA:112,10,0,0
BRDA:112,10,1,0
BRDA:120,11,0,0
BRDA:120,11,1,0
BRDA:133,12,0,0
BRDA:133,12,1,0
BRDA:157,13,0,0
BRDA:157,13,1,0
BRDA:159,14,0,0
BRDA:159,14,1,0
BRDA:160,15,0,0
BRDA:160,15,1,0
BRDA:162,16,0,0
BRDA:162,16,1,0
BRDA:176,17,0,0
BRDA:176,17,1,0
BRDA:176,17,2,0
BRDA:176,17,3,0
BRDA:187,18,0,0
BRDA:187,18,1,0
BRDA:200,19,0,0
BRDA:200,19,1,0
BRF:40
BRH:0
end_of_record
TN:
SF:./js/src/workspace.js
FN:1,(anonymous_1)
FN:3,(anonymous_2)
FN:21,(anonymous_3)
FN:33,(anonymous_4)
FN:40,(anonymous_5)
FN:50,(anonymous_6)
FN:61,(anonymous_7)
FN:67,(anonymous_8)
FN:71,(anonymous_9)
FN:72,(anonymous_10)
FN:82,(anonymous_11)
FN:84,(anonymous_12)
FN:98,(anonymous_13)
FN:99,(anonymous_14)
FN:114,cell
FN:116,(anonymous_16)
FN:117,(anonymous_17)
FN:118,(anonymous_18)
FN:119,(anonymous_19)
FN:122,(anonymous_20)
FN:126,(anonymous_21)
FN:128,(anonymous_22)
FN:132,addSibling
FN:147,mutateAndAdd
FN:220,(anonymous_25)
FN:226,(anonymous_26)
FN:231,(anonymous_27)
FN:236,(anonymous_28)
FN:241,(anonymous_29)
FN:246,(anonymous_30)
FN:249,(anonymous_31)
FN:253,(anonymous_32)
FN:277,(anonymous_33)
FN:292,(anonymous_34)
FN:294,(anonymous_35)
FN:299,(anonymous_36)
FN:305,(anonymous_37)
FN:323,(anonymous_38)
FN:328,(anonymous_39)
FN:343,(anonymous_40)
FN:344,(anonymous_41)
FN:349,(anonymous_42)
FN:352,(anonymous_43)
FN:356,(anonymous_44)
FN:364,(anonymous_45)
FN:370,(anonymous_46)
FN:378,(anonymous_47)
FN:379,(anonymous_48)
FN:387,(anonymous_49)
FN:394,(anonymous_50)
FN:399,(anonymous_51)
FN:408,(anonymous_52)
FNF:52
FNH:30
FNDA:1,(anonymous_1)
FNDA:6,(anonymous_2)
FNDA:6,(anonymous_3)
FNDA:0,(anonymous_4)
FNDA:0,(anonymous_5)
FNDA:13,(anonymous_6)
FNDA:42,(anonymous_7)
FNDA:42,(anonymous_8)
FNDA:12,(anonymous_9)
FNDA:26,(anonymous_10)
FNDA:16,(anonymous_11)
FNDA:16,(anonymous_12)
FNDA:2,(anonymous_13)
FNDA:6,(anonymous_14)
FNDA:26,cell
FNDA:28,(anonymous_16)
FNDA:28,(anonymous_17)
FNDA:28,(anonymous_18)
FNDA:28,(anonymous_19)
FNDA:42,(anonymous_20)
FNDA:5,(anonymous_21)
FNDA:11,(anonymous_22)
FNDA:2,addSibling
FNDA:4,mutateAndAdd
FNDA:20,(anonymous_25)
FNDA:2,(anonymous_26)
FNDA:0,(anonymous_27)
FNDA:0,(anonymous_28)
FNDA:3,(anonymous_29)
FNDA:2,(anonymous_30)
FNDA:9,(anonymous_31)
FNDA:9,(anonymous_32)
FNDA:9,(anonymous_33)
FNDA:0,(anonymous_34)
FNDA:0,(anonymous_35)
FNDA:0,(anonymous_36)
FNDA:0,(anonymous_37)
FNDA:0,(anonymous_38)
FNDA:0,(anonymous_39)
FNDA:0,(anonymous_40)
FNDA:0,(anonymous_41)
FNDA:6,(anonymous_42)
FNDA:0,(anonymous_43)
FNDA:0,(anonymous_44)
FNDA:0,(anonymous_45)
FNDA:0,(anonymous_46)
FNDA:0,(anonymous_47)
FNDA:0,(anonymous_48)
FNDA:0,(anonymous_49)
FNDA:0,(anonymous_50)
FNDA:0,(anonymous_51)
FNDA:0,(anonymous_52)
DA:1,1
DA:3,1
DA:5,6
DA:15,6
DA:16,6
DA:20,1
DA:22,6
DA:23,6
DA:24,0
DA:25,0
DA:28,6
DA:30,6
DA:34,0
DA:35,0
DA:37,0
DA:41,0
DA:42,0
DA:43,0
DA:45,0
DA:47,0
DA:51,13
DA:54,13
DA:61,13
DA:62,42
DA:66,13
DA:67,42
DA:71,13
DA:72,12
DA:73,26
DA:74,12
DA:80,13
DA:82,16
DA:85,16
DA:86,16
DA:96,13
DA:99,2
DA:100,6
DA:101,2
DA:103,6
DA:107,2
DA:108,0
DA:111,2
DA:114,1
DA:115,26
DA:116,28
DA:117,28
DA:118,28
DA:119,28
DA:122,42
DA:123,13
DA:127,5
DA:128,11
DA:129,5
DA:132,1
DA:133,2
DA:134,1
DA:137,1
DA:138,1
DA:139,1
DA:143,1
DA:144,1
DA:147,1
DA:151,4
DA:155,4
DA:159,4
DA:162,4
DA:163,4
DA:164,4
DA:165,4
DA:166,2
DA:169,2
DA:172,4
DA:173,4
DA:176,5
DA:182,3
DA:183,1
DA:184,1
DA:191,2
DA:192,2
DA:200,2
DA:201,1
DA:202,1
DA:209,1
DA:210,1
DA:220,20
DA:221,5
DA:222,5
DA:227,2
DA:228,2
DA:232,0
DA:233,0
DA:237,0
DA:238,0
DA:242,3
DA:243,3
DA:248,2
DA:249,9
DA:253,9
DA:255,2
DA:260,1
DA:261,1
DA:263,1
DA:264,1
DA:265,1
DA:270,1
DA:273,2
DA:274,2
DA:278,9
DA:279,2
DA:284,7
DA:293,0
DA:294,0
DA:295,0
DA:300,0
DA:301,0
DA:302,0
DA:309,0
DA:312,0
DA:323,0
DA:324,0
DA:328,0
DA:329,0
DA:330,0
DA:332,0
DA:344,0
DA:345,0
DA:350,6
DA:352,6
DA:353,0
DA:356,6
DA:361,0
DA:363,0
DA:364,0
DA:367,0
DA:368,0
DA:370,0
DA:371,0
DA:378,6
DA:379,0
DA:380,0
DA:383,0
DA:388,0
DA:389,0
DA:391,0
DA:395,0
DA:396,0
DA:405,0
DA:408,0
DA:412,0
DA:415,0
DA:416,0
DA:418,0
DA:421,0
DA:422,0
DA:424,0
DA:425,0
DA:426,0
DA:428,0
DA:430,0
DA:431,0
DA:433,0
DA:438,0
DA:440,0
DA:441,0
DA:442,0
LF:165
LH:99
BRDA:15,1,0,6
BRDA:15,1,1,6
BRDA:23,2,0,0
BRDA:23,2,1,6
BRDA:34,3,0,0
BRDA:34,3,1,0
BRDA:42,4,0,0
BRDA:42,4,1,0
BRDA:73,5,0,12
BRDA:73,5,1,14
BRDA:100,6,0,2
BRDA:100,6,1,4
BRDA:107,7,0,0
BRDA:107,7,1,2
BRDA:107,8,0,2
BRDA:107,8,1,2
BRDA:107,8,2,0
BRDA:129,9,0,3
BRDA:129,9,1,2
BRDA:133,10,0,1
BRDA:133,10,1,1
BRDA:143,11,0,1
BRDA:143,11,1,0
BRDA:155,12,0,1
BRDA:155,12,1,3
BRDA:165,13,0,2
BRDA:165,13,1,2
BRDA:176,14,0,3
BRDA:176,14,1,2
BRDA:182,15,0,1
BRDA:182,15,1,2
BRDA:182,16,0,3
BRDA:182,16,1,2
BRDA:183,17,0,1
BRDA:183,17,1,0
BRDA:191,18,0,2
BRDA:191,18,1,0
BRDA:200,19,0,1
BRDA:200,19,1,1
BRDA:200,20,0,2
BRDA:200,20,1,1
BRDA:201,21,0,1
BRDA:201,21,1,0
BRDA:209,22,0,1
BRDA:209,22,1,0
BRDA:255,23,0,1
BRDA:255,23,1,1
BRDA:265,24,0,0
BRDA:265,24,1,1
BRDA:278,25,0,2
BRDA:278,25,1,7
BRDA:312,26,0,0
BRDA:312,26,1,0
BRDA:363,27,0,0
BRDA:363,27,1,0
BRDA:367,28,0,0
BRDA:367,28,1,0
BRDA:370,29,0,0
BRDA:370,29,1,0
BRDA:371,30,0,0
BRDA:371,30,1,0
BRDA:388,31,0,0
BRDA:388,31,1,0
BRDA:415,32,0,0
BRDA:415,32,1,0
BRDA:418,33,0,0
BRDA:418,33,1,0
BRDA:424,34,0,0
BRDA:424,34,1,0
BRDA:426,35,0,0
BRDA:426,35,1,0
BRF:71
BRH:38
end_of_record
TN:
SF:./js/src/viewer/bookmarkPanel.js
FN:1,(anonymous_1)
FN:3,(anonymous_2)
FN:16,(anonymous_3)
FN:21,(anonymous_4)
FN:24,(anonymous_5)
FN:29,(anonymous_6)
FN:41,(anonymous_7)
FN:51,(anonymous_8)
FN:55,(anonymous_9)
FNF:9
FNH:1
FNDA:1,(anonymous_1)
FNDA:0,(anonymous_2)
FNDA:0,(anonymous_3)
FNDA:0,(anonymous_4)
FNDA:0,(anonymous_5)
FNDA:0,(anonymous_6)
FNDA:0,(anonymous_7)
FNDA:0,(anonymous_8)
FNDA:0,(anonymous_9)
DA:1,1
DA:3,1
DA:5,0
DA:11,0
DA:15,1
DA:17,0
DA:18,0
DA:22,0
DA:24,0
DA:25,0
DA:26,0
DA:29,0
DA:30,0
DA:33,0
DA:42,0
DA:44,0
DA:45,0
DA:52,0
DA:56,0
LF:19
LH:3
BRDA:25,1,0,0
BRDA:25,1,1,0
BRF:2
BRH:0
end_of_record
TN:
SF:./js/src/viewer/controls.js
FN:1,(anonymous_1)
FN:5,(anonymous_2)
FN:17,(anonymous_3)
FN:21,(anonymous_4)
FN:34,(anonymous_5)
FN:38,(anonymous_6)
FN:42,(anonymous_7)
FNF:7
FNH:1
FNDA:1,(anonymous_1)
FNDA:0,(anonymous_2)
FNDA:0,(anonymous_3)
FNDA:0,(anonymous_4)
FNDA:0,(anonymous_5)
FNDA:0,(anonymous_6)
FNDA:0,(anonymous_7)
DA:1,1
DA:5,1
DA:7,0
DA:12,0
DA:15,1
DA:18,0
DA:22,0
LF:7
LH:3
BRF:0
BRH:0
end_of_record
TN:
SF:./js/src/viewer/mainMenu.js
FN:1,(anonymous_1)
FN:3,(anonymous_2)
FN:30,(anonymous_3)
FN:49,(anonymous_4)
FN:52,(anonymous_5)
FN:55,(anonymous_6)
FN:58,(anonymous_7)
FNF:7
FNH:6
FNDA:1,(anonymous_1)
FNDA:4,(anonymous_2)
FNDA:4,(anonymous_3)
FNDA:4,(anonymous_4)
FNDA:1,(anonymous_5)
FNDA:1,(anonymous_6)
FNDA:0,(anonymous_7)
DA:1,1
DA:3,1
DA:5,4
DA:22,4
DA:24,4
DA:28,1
DA:33,4
DA:39,4
DA:46,4
DA:50,4
DA:52,4
DA:53,1
DA:55,4
DA:58,4
LF:14
LH:14
BRDA:22,1,0,4
BRDA:22,1,1,4
BRF:2
BRH:2
end_of_record
TN:
SF:./js/src/viewer/manifestList.js
FN:1,(anonymous_1)
FN:2,(anonymous_2)
FN:10,(anonymous_3)
FN:16,(anonymous_4)
FN:19,(anonymous_5)
FN:22,(anonymous_6)
FN:25,(anonymous_7)
FN:52,(anonymous_8)
FN:58,(anonymous_9)
FN:60,(anonymous_10)
FN:63,(anonymous_11)
FN:68,(anonymous_12)
FN:73,(anonymous_13)
FNF:13
FNH:1
FNDA:1,(anonymous_1)
FNDA:0,(anonymous_2)
FNDA:0,(anonymous_3)
FNDA:0,(anonymous_4)
FNDA:0,(anonymous_5)
FNDA:0,(anonymous_6)
FNDA:0,(anonymous_7)
FNDA:0,(anonymous_8)
FNDA:0,(anonymous_9)
FNDA:0,(anonymous_10)
FNDA:0,(anonymous_11)
FNDA:0,(anonymous_12)
FNDA:0,(anonymous_13)
DA:1,1
DA:2,1
DA:3,0
DA:4,0
DA:5,0
DA:8,1
DA:11,0
DA:12,0
DA:13,0
DA:17,0
DA:19,0
DA:20,0
DA:23,0
DA:26,0
DA:30,0
DA:35,0
DA:44,0
DA:51,0
DA:53,0
DA:54,0
DA:59,0
DA:60,0
DA:61,0
DA:63,0
DA:64,0
DA:69,0
DA:70,0
DA:74,0
DA:75,0
LF:29
LH:3
BRF:0
BRH:0
end_of_record
TN:
SF:./js/src/viewer/manifestListItem.js
FN:1,(anonymous_1)
FN:3,(anonymous_2)
FN:28,(anonymous_3)
FN:44,(anonymous_4)
FN:56,(anonymous_5)
FN:90,(anonymous_6)
FN:99,(anonymous_7)
FN:103,(anonymous_8)
FN:106,(anonymous_9)
FN:111,(anonymous_10)
FN:120,(anonymous_11)
FN:130,(anonymous_12)
FN:162,(anonymous_13)
FN:166,(anonymous_14)
FNF:14
FNH:1
FNDA:1,(anonymous_1)
FNDA:0,(anonymous_2)
FNDA:0,(anonymous_3)
FNDA:0,(anonymous_4)
FNDA:0,(anonymous_5)
FNDA:0,(anonymous_6)
FNDA:0,(anonymous_7)
FNDA:0,(anonymous_8)
FNDA:0,(anonymous_9)
FNDA:0,(anonymous_10)
FNDA:0,(anonymous_11)
FNDA:0,(anonymous_12)
FNDA:0,(anonymous_13)
FNDA:0,(anonymous_14)
DA:1,1
DA:3,1
DA:5,0
DA:22,0
DA:26,1
DA:29,0
DA:32,0
DA:33,0
DA:35,0
DA:36,0
DA:38,0
DA:39,0
DA:41,0
DA:45,0
DA:49,0
DA:56,0
DA:57,0
DA:58,0
DA:59,0
DA:61,0
DA:63,0
DA:66,0
DA:67,0
DA:68,0
DA:69,0
DA:72,0
DA:74,0
DA:76,0
DA:77,0
DA:78,0
DA:79,0
DA:82,0
DA:90,0
DA:91,0
DA:92,0
DA:93,0
DA:104,0
DA:106,0
DA:108,0
DA:111,0
DA:112,0
DA:117,0
DA:120,0
DA:121,0
DA:122,0
DA:127,0
DA:130,0
DA:131,0
DA:132,0
DA:133,0
DA:134,0
DA:135,0
DA:136,0
DA:139,0
DA:140,0
DA:143,0
DA:144,0
DA:145,0
DA:146,0
DA:147,0
DA:150,0
DA:151,0
DA:155,0
DA:158,0
DA:163,0
DA:167,0
LF:66
LH:3
BRDA:58,1,0,0
BRDA:58,1,1,0
BRDA:61,2,0,0
BRDA:61,2,1,0
BRDA:68,3,0,0
BRDA:68,3,1,0
BRDA:77,4,0,0
BRDA:77,4,1,0
BRDA:92,5,0,0
BRDA:92,5,1,0
BRDA:133,6,0,0
BRDA:133,6,1,0
BRDA:145,7,0,0
BRDA:145,7,1,0
BRF:14
BRH:0
end_of_record
TN:
SF:./js/src/viewer/manifestLoadStatusIndicator.js
FN:1,(anonymous_1)
FN:2,(anonymous_2)
FN:11,(anonymous_3)
FN:17,(anonymous_4)
FN:21,(anonymous_5)
FN:24,(anonymous_6)
FN:27,(anonymous_7)
FN:56,(anonymous_8)
FN:62,(anonymous_9)
FN:64,(anonymous_10)
FN:68,(anonymous_11)
FN:75,(anonymous_12)
FN:80,(anonymous_13)
FNF:13
FNH:1
FNDA:1,(anonymous_1)
FNDA:0,(anonymous_2)
FNDA:0,(anonymous_3)
FNDA:0,(anonymous_4)
FNDA:0,(anonymous_5)
FNDA:0,(anonymous_6)
FNDA:0,(anonymous_7)
FNDA:0,(anonymous_8)
FNDA:0,(anonymous_9)
FNDA:0,(anonymous_10)
FNDA:0,(anonymous_11)
FNDA:0,(anonymous_12)
FNDA:0,(anonymous_13)
DA:1,1
DA:2,1
DA:4,0
DA:5,0
DA:6,0
DA:9,1
DA:12,0
DA:13,0
DA:14,0
DA:18,0
DA:21,0
DA:22,0
DA:25,0
DA:28,0
DA:32,0
DA:39,0
DA:48,0
DA:55,0
DA:57,0
DA:58,0
DA:63,0
DA:64,0
DA:66,0
DA:68,0
DA:70,0
DA:76,0
DA:77,0
DA:81,0
DA:82,0
LF:29
LH:3
BRF:0
BRH:0
end_of_record
TN:
SF:./js/src/viewer/manifestsPanel.js
FN:1,(anonymous_1)
FN:3,(anonymous_2)
FN:23,(anonymous_3)
FN:42,(anonymous_4)
FN:45,(anonymous_5)
FN:52,(anonymous_6)
FN:57,(anonymous_7)
FN:62,(anonymous_8)
FN:69,(anonymous_9)
FN:71,(anonymous_10)
FN:79,(anonymous_11)
FN:83,(anonymous_12)
FN:91,(anonymous_13)
FN:96,(anonymous_14)
FNF:14
FNH:1
FNDA:1,(anonymous_1)
FNDA:0,(anonymous_2)
FNDA:0,(anonymous_3)
FNDA:0,(anonymous_4)
FNDA:0,(anonymous_5)
FNDA:0,(anonymous_6)
FNDA:0,(anonymous_7)
FNDA:0,(anonymous_8)
FNDA:0,(anonymous_9)
FNDA:0,(anonymous_10)
FNDA:0,(anonymous_11)
FNDA:0,(anonymous_12)
FNDA:0,(anonymous_13)
FNDA:0,(anonymous_14)
DA:1,1
DA:3,1
DA:5,0
DA:16,0
DA:17,0
DA:21,1
DA:24,0
DA:27,0
DA:31,0
DA:32,0
DA:33,0
DA:39,0
DA:43,0
DA:45,0
DA:46,0
DA:47,0
DA:48,0
DA:52,0
DA:53,0
DA:57,0
DA:58,0
DA:59,0
DA:62,0
DA:64,0
DA:65,0
DA:69,0
DA:70,0
DA:71,0
DA:72,0
DA:75,0
DA:79,0
DA:80,0
DA:83,0
DA:84,0
DA:85,0
DA:86,0
DA:87,0
DA:92,0
DA:93,0
DA:97,0
DA:99,0
LF:41
LH:3
BRDA:58,1,0,0
BRDA:58,1,1,0
BRDA:70,2,0,0
BRDA:70,2,1,0
BRF:4
BRH:0
end_of_record
TN:
SF:./js/src/viewer/workspacePanel.js
FN:1,(anonymous_1)
FN:3,(anonymous_2)
FN:19,(anonymous_3)
FN:22,(anonymous_4)
FN:23,(anonymous_5)
FN:35,(anonymous_6)
FN:37,(anonymous_7)
FN:42,(anonymous_8)
FN:47,(anonymous_9)
FN:52,(anonymous_10)
FN:59,(anonymous_11)
FN:66,(anonymous_12)
FN:72,(anonymous_13)
FN:81,(anonymous_14)
FN:85,(anonymous_15)
FNF:15
FNH:4
FNDA:1,(anonymous_1)
FNDA:2,(anonymous_2)
FNDA:2,(anonymous_3)
FNDA:0,(anonymous_4)
FNDA:0,(anonymous_5)
FNDA:2,(anonymous_6)
FNDA:0,(anonymous_7)
FNDA:0,(anonymous_8)
FNDA:0,(anonymous_9)
FNDA:0,(anonymous_10)
FNDA:0,(anonymous_11)
FNDA:0,(anonymous_12)
FNDA:0,(anonymous_13)
FNDA:0,(anonymous_14)
FNDA:0,(anonymous_15)
DA:1,1
DA:3,1
DA:5,2
DA:14,2
DA:18,1
DA:20,2
DA:23,0
DA:24,0
DA:25,0
DA:27,0
DA:31,2
DA:32,2
DA:36,2
DA:37,2
DA:38,0
DA:39,0
DA:42,2
DA:43,0
DA:44,0
DA:47,2
DA:48,0
DA:49,0
DA:52,2
DA:53,0
DA:54,0
DA:55,0
DA:60,0
DA:61,0
DA:62,0
DA:63,0
DA:67,0
DA:71,0
DA:72,0
DA:73,0
DA:74,0
DA:75,0
DA:77,0
DA:78,0
DA:82,0
DA:86,0
LF:40
LH:13
BRDA:38,1,0,0
BRDA:38,1,1,0
BRDA:74,2,0,0
BRDA:74,2,1,0
BRF:4
BRH:0
end_of_record
TN:
SF:./js/src/manifests/manifest.js
FN:1,(anonymous_1)
FN:3,(anonymous_2)
FN:16,(anonymous_3)
FN:24,(anonymous_4)
FN:28,(anonymous_5)
FN:67,(anonymous_6)
FN:71,(anonymous_7)
FN:73,(anonymous_8)
FN:81,(anonymous_9)
FNF:9
FNH:1
FNDA:1,(anonymous_1)
FNDA:0,(anonymous_2)
FNDA:0,(anonymous_3)
FNDA:0,(anonymous_4)
FNDA:0,(anonymous_5)
FNDA:0,(anonymous_6)
FNDA:0,(anonymous_7)
FNDA:0,(anonymous_8)
FNDA:0,(anonymous_9)
DA:1,1
DA:3,1
DA:5,0
DA:12,0
DA:15,1
DA:17,0
DA:18,0
DA:24,0
DA:25,0
DA:29,0
DA:34,0
DA:37,0
DA:39,0
DA:40,0
DA:41,0
DA:43,0
DA:44,0
DA:45,0
DA:47,0
DA:49,0
DA:53,0
DA:55,0
DA:56,0
DA:59,0
DA:60,0
DA:61,0
DA:63,0
DA:65,0
DA:68,0
DA:69,0
DA:72,0
DA:73,0
DA:74,0
DA:77,0
DA:78,0
DA:79,0
DA:82,0
DA:83,0
LF:38
LH:3
BRDA:37,1,0,0
BRDA:37,1,1,0
BRDA:39,2,0,0
BRDA:39,2,1,0
BRDA:41,3,0,0
BRDA:41,3,1,0
BRDA:44,4,0,0
BRDA:44,4,1,0
BRDA:55,5,0,0
BRDA:55,5,1,0
BRDA:59,6,0,0
BRDA:59,6,1,0
BRDA:60,7,0,0
BRDA:60,7,1,0
BRDA:77,8,0,0
BRDA:77,8,1,0
BRDA:77,9,0,0
BRDA:77,9,1,0
BRF:18
BRH:0
end_of_record
TN:
SF:./js/src/annotations/annotationTooltip.js
FN:1,(anonymous_1)
FN:3,(anonymous_2)
FN:16,(anonymous_3)
FN:20,(anonymous_4)
FN:24,(anonymous_5)
FN:30,(anonymous_6)
FN:46,(anonymous_7)
FN:53,(anonymous_8)
FN:56,(anonymous_9)
FNF:9
FNH:1
FNDA:1,(anonymous_1)
FNDA:0,(anonymous_2)
FNDA:0,(anonymous_3)
FNDA:0,(anonymous_4)
FNDA:0,(anonymous_5)
FNDA:0,(anonymous_6)
FNDA:0,(anonymous_7)
FNDA:0,(anonymous_8)
FNDA:0,(anonymous_9)
DA:1,1
DA:3,1
DA:5,0
DA:11,0
DA:14,1
DA:17,0
DA:21,0
DA:25,0
DA:29,0
DA:30,0
DA:31,0
DA:32,0
DA:34,0
DA:38,0
DA:41,0
DA:47,0
DA:53,0
DA:54,0
DA:55,0
DA:56,0
DA:57,0
DA:58,0
DA:60,0
DA:64,0
DA:66,0
DA:77,0
DA:78,0
LF:27
LH:3
BRDA:29,1,0,0
BRDA:29,1,1,0
BRDA:31,2,0,0
BRDA:31,2,1,0
BRDA:55,3,0,0
BRDA:55,3,1,0
BRDA:57,4,0,0
BRDA:57,4,1,0
BRDA:72,5,0,0
BRDA:72,5,1,0
BRDA:73,6,0,0
BRDA:73,6,1,0
BRF:12
BRH:0
end_of_record
TN:
SF:./js/src/annotations/catchEndpoint.js
FN:17,(anonymous_1)
FN:19,(anonymous_2)
FN:36,(anonymous_3)
FN:45,(anonymous_4)
FN:50,(anonymous_5)
FN:63,(anonymous_6)
FN:98,(anonymous_7)
FN:115,(anonymous_8)
FN:117,(anonymous_9)
FN:122,(anonymous_10)
FN:129,(anonymous_11)
FN:138,(anonymous_12)
FN:141,(anonymous_13)
FN:148,(anonymous_14)
FN:162,(anonymous_15)
FN:165,(anonymous_16)
FN:172,(anonymous_17)
FN:185,(anonymous_18)
FN:188,(anonymous_19)
FN:194,(anonymous_20)
FN:203,(anonymous_21)
FN:215,(anonymous_22)
FN:264,(anonymous_23)
FN:274,(anonymous_24)
FNF:24
FNH:1
FNDA:1,(anonymous_1)
FNDA:0,(anonymous_2)
FNDA:0,(anonymous_3)
FNDA:0,(anonymous_4)
FNDA:0,(anonymous_5)
FNDA:0,(anonymous_6)
FNDA:0,(anonymous_7)
FNDA:0,(anonymous_8)
FNDA:0,(anonymous_9)
FNDA:0,(anonymous_10)
FNDA:0,(anonymous_11)
FNDA:0,(anonymous_12)
FNDA:0,(anonymous_13)
FNDA:0,(anonymous_14)
FNDA:0,(anonymous_15)
FNDA:0,(anonymous_16)
FNDA:0,(anonymous_17)
FNDA:0,(anonymous_18)
FNDA:0,(anonymous_19)
FNDA:0,(anonymous_20)
FNDA:0,(anonymous_21)
FNDA:0,(anonymous_22)
FNDA:0,(anonymous_23)
FNDA:0,(anonymous_24)
DA:17,1
DA:19,1
DA:21,0
DA:31,0
DA:34,1
DA:37,0
DA:38,0
DA:39,0
DA:46,0
DA:47,0
DA:48,0
DA:51,0
DA:52,0
DA:53,0
DA:64,0
DA:65,0
DA:66,0
DA:67,0
DA:68,0
DA:70,0
DA:71,0
DA:73,0
DA:74,0
DA:76,0
DA:78,0
DA:82,0
DA:83,0
DA:84,0
DA:85,0
DA:87,0
DA:90,0
DA:94,0
DA:99,0
DA:100,0
DA:101,0
DA:116,0
DA:117,0
DA:118,0
DA:120,0
DA:123,0
DA:130,0
DA:139,0
DA:142,0
DA:149,0
DA:153,0
DA:163,0
DA:166,0
DA:173,0
DA:176,0
DA:186,0
DA:189,0
DA:195,0
DA:196,0
DA:198,0
DA:204,0
DA:211,0
DA:213,0
DA:214,0
DA:215,0
DA:216,0
DA:222,0
DA:223,0
DA:224,0
DA:226,0
DA:227,0
DA:240,0
DA:246,0
DA:249,0
DA:260,0
DA:265,0
DA:269,0
DA:270,0
DA:273,0
DA:274,0
DA:275,0
DA:276,0
DA:277,0
DA:278,0
DA:281,0
DA:282,0
DA:284,0
DA:285,0
DA:286,0
DA:287,0
DA:289,0
DA:290,0
DA:291,0
DA:293,0
DA:294,0
DA:295,0
DA:297,0
DA:300,0
DA:301,0
DA:302,0
DA:303,0
DA:304,0
DA:305,0
LF:97
LH:3
BRDA:46,1,0,0
BRDA:46,1,1,0
BRDA:46,2,0,0
BRDA:46,2,1,0
BRDA:51,3,0,0
BRDA:51,3,1,0
BRDA:51,4,0,0
BRDA:51,4,1,0
BRDA:65,5,0,0
BRDA:65,5,1,0
BRDA:66,6,0,0
BRDA:66,6,1,0
BRDA:67,7,0,0
BRDA:67,7,1,0
BRDA:70,8,0,0
BRDA:70,8,1,0
BRDA:76,9,0,0
BRDA:76,9,1,0
BRDA:83,10,0,0
BRDA:83,10,1,0
BRDA:84,11,0,0
BRDA:84,11,1,0
BRDA:195,12,0,0
BRDA:195,12,1,0
BRDA:213,13,0,0
BRDA:213,13,1,0
BRDA:222,14,0,0
BRDA:222,14,1,0
BRDA:222,15,0,0
BRDA:222,15,1,0
BRDA:269,16,0,0
BRDA:269,16,1,0
BRDA:275,17,0,0
BRDA:275,17,1,0
BRDA:277,18,0,0
BRDA:277,18,1,0
BRDA:294,19,0,0
BRDA:294,19,1,0
BRF:38
BRH:0
end_of_record
TN:
SF:./js/src/annotations/osd-canvas-renderer.js
FN:1,(anonymous_1)
FN:7,(anonymous_2)
FN:22,(anonymous_3)
FN:33,(anonymous_4)
FN:43,(anonymous_5)
FN:47,(anonymous_6)
FN:83,(anonymous_7)
FN:88,(anonymous_8)
FN:93,(anonymous_9)
FN:97,(anonymous_10)
FN:102,(anonymous_11)
FN:113,(anonymous_12)
FN:114,(anonymous_13)
FN:119,(anonymous_14)
FN:127,(anonymous_15)
FN:155,(anonymous_16)
FN:158,(anonymous_17)
FN:162,(anonymous_18)
FN:168,(anonymous_19)
FN:172,(anonymous_20)
FN:176,(anonymous_21)
FN:180,(anonymous_22)
FN:181,(anonymous_23)
FN:190,(anonymous_24)
FN:191,(anonymous_25)
FN:204,(anonymous_26)
FN:205,(anonymous_27)
FN:215,(anonymous_28)
FN:222,(anonymous_29)
FN:225,(anonymous_30)
FN:246,(anonymous_31)
FN:257,(anonymous_32)
FN:261,(anonymous_33)
FN:266,(anonymous_34)
FN:292,(anonymous_35)
FN:295,(anonymous_36)
FN:301,(anonymous_37)
FN:308,(anonymous_38)
FN:319,(anonymous_39)
FNF:39
FNH:1
FNDA:1,(anonymous_1)
FNDA:0,(anonymous_2)
FNDA:0,(anonymous_3)
FNDA:0,(anonymous_4)
FNDA:0,(anonymous_5)
FNDA:0,(anonymous_6)
FNDA:0,(anonymous_7)
FNDA:0,(anonymous_8)
FNDA:0,(anonymous_9)
FNDA:0,(anonymous_10)
FNDA:0,(anonymous_11)
FNDA:0,(anonymous_12)
FNDA:0,(anonymous_13)
FNDA:0,(anonymous_14)
FNDA:0,(anonymous_15)
FNDA:0,(anonymous_16)
FNDA:0,(anonymous_17)
FNDA:0,(anonymous_18)
FNDA:0,(anonymous_19)
FNDA:0,(anonymous_20)
FNDA:0,(anonymous_21)
FNDA:0,(anonymous_22)
FNDA:0,(anonymous_23)
FNDA:0,(anonymous_24)
FNDA:0,(anonymous_25)
FNDA:0,(anonymous_26)
FNDA:0,(anonymous_27)
FNDA:0,(anonymous_28)
FNDA:0,(anonymous_29)
FNDA:0,(anonymous_30)
FNDA:0,(anonymous_31)
FNDA:0,(anonymous_32)
FNDA:0,(anonymous_33)
FNDA:0,(anonymous_34)
FNDA:0,(anonymous_35)
FNDA:0,(anonymous_36)
FNDA:0,(anonymous_37)
FNDA:0,(anonymous_38)
FNDA:0,(anonymous_39)
DA:1,1
DA:7,1
DA:9,0
DA:21,1
DA:23,0
DA:24,0
DA:25,0
DA:27,0
DA:29,0
DA:30,0
DA:34,0
DA:39,0
DA:44,0
DA:45,0
DA:47,0
DA:48,0
DA:50,0
DA:51,0
DA:52,0
DA:56,0
DA:59,0
DA:84,0
DA:88,0
DA:89,0
DA:91,0
DA:94,0
DA:95,0
DA:98,0
DA:99,0
DA:100,0
DA:103,0
DA:104,0
DA:110,0
DA:114,0
DA:115,0
DA:120,0
DA:127,0
DA:128,0
DA:139,0
DA:150,0
DA:151,0
DA:152,0
DA:156,0
DA:158,0
DA:159,0
DA:162,0
DA:163,0
DA:169,0
DA:173,0
DA:177,0
DA:181,0
DA:182,0
DA:183,0
DA:185,0
DA:191,0
DA:192,0
DA:193,0
DA:194,0
DA:197,0
DA:205,0
DA:206,0
DA:207,0
DA:208,0
DA:211,0
DA:216,0
DA:217,0
DA:218,0
DA:219,0
DA:223,0
DA:225,0
DA:226,0
DA:228,0
DA:229,0
DA:232,0
DA:235,0
DA:239,0
DA:242,0
DA:243,0
DA:246,0
DA:247,0
DA:249,0
DA:253,0
DA:258,0
DA:261,0
DA:262,0
DA:263,0
DA:266,0
DA:267,0
DA:269,0
DA:274,0
DA:277,0
DA:278,0
DA:279,0
DA:282,0
DA:283,0
DA:287,0
DA:292,0
DA:293,0
DA:295,0
DA:296,0
DA:299,0
DA:300,0
DA:301,0
DA:302,0
DA:308,0
DA:309,0
DA:310,0
DA:314,0
DA:316,0
DA:319,0
DA:320,0
DA:321,0
DA:325,0
LF:113
LH:3
BRDA:24,1,0,0
BRDA:24,1,1,0
BRDA:103,2,0,0
BRDA:103,2,1,0
BRDA:139,3,0,0
BRDA:139,3,1,0
BRDA:139,4,0,0
BRDA:139,4,1,0
BRDA:139,4,2,0
BRDA:139,4,3,0
BRDA:139,4,4,0
BRDA:139,4,5,0
BRDA:139,4,6,0
BRDA:139,4,7,0
BRDA:139,4,8,0
BRDA:139,4,9,0
BRDA:139,4,10,0
BRDA:139,4,11,0
BRDA:139,4,12,0
BRDA:139,4,13,0
BRDA:139,4,14,0
BRDA:139,4,15,0
BRDA:139,4,16,0
BRDA:139,4,17,0
BRDA:139,4,18,0
BRDA:139,4,19,0
BRDA:139,4,20,0
BRDA:139,4,21,0
BRDA:139,4,22,0
BRDA:139,4,23,0
BRDA:139,4,24,0
BRDA:139,4,25,0
BRDA:139,4,26,0
BRDA:139,4,27,0
BRDA:139,4,28,0
BRDA:139,4,29,0
BRDA:139,4,30,0
BRDA:139,4,31,0
BRDA:193,5,0,0
BRDA:193,5,1,0
BRDA:207,6,0,0
BRDA:207,6,1,0
BRDA:228,7,0,0
BRDA:228,7,1,0
BRDA:278,8,0,0
BRDA:278,8,1,0
BRDA:299,9,0,0
BRDA:299,9,1,0
BRDA:309,10,0,0
BRDA:309,10,1,0
BRF:50
BRH:0
end_of_record
TN:
SF:./js/src/annotations/osd-region-rect-tool.js
FN:1,(anonymous_1)
FN:6,(anonymous_2)
FN:24,(anonymous_3)
FN:28,(anonymous_4)
FN:32,(anonymous_5)
FN:40,(anonymous_6)
FN:48,(anonymous_7)
FN:62,(anonymous_8)
FN:76,(anonymous_9)
FN:84,(anonymous_10)
FN:97,(anonymous_11)
FN:111,(anonymous_12)
FN:136,(anonymous_13)
FN:144,(anonymous_14)
FN:169,(anonymous_15)
FN:180,(anonymous_16)
FN:185,(anonymous_17)
FN:191,(anonymous_18)
FN:212,(anonymous_19)
FN:255,(anonymous_20)
FN:259,(anonymous_21)
FN:263,(anonymous_22)
FN:267,(anonymous_23)
FNF:23
FNH:1
FNDA:1,(anonymous_1)
FNDA:0,(anonymous_2)
FNDA:0,(anonymous_3)
FNDA:0,(anonymous_4)
FNDA:0,(anonymous_5)
FNDA:0,(anonymous_6)
FNDA:0,(anonymous_7)
FNDA:0,(anonymous_8)
FNDA:0,(anonymous_9)
FNDA:0,(anonymous_10)
FNDA:0,(anonymous_11)
FNDA:0,(anonymous_12)
FNDA:0,(anonymous_13)
FNDA:0,(anonymous_14)
FNDA:0,(anonymous_15)
FNDA:0,(anonymous_16)
FNDA:0,(anonymous_17)
FNDA:0,(anonymous_18)
FNDA:0,(anonymous_19)
FNDA:0,(anonymous_20)
FNDA:0,(anonymous_21)
FNDA:0,(anonymous_22)
FNDA:0,(anonymous_23)
DA:1,1
DA:6,1
DA:7,0
DA:19,0
DA:22,1
DA:25,0
DA:29,0
DA:33,0
DA:34,0
DA:35,0
DA:36,0
DA:37,0
DA:41,0
DA:42,0
DA:43,0
DA:44,0
DA:45,0
DA:49,0
DA:50,0
DA:51,0
DA:52,0
DA:53,0
DA:54,0
DA:56,0
DA:57,0
DA:58,0
DA:63,0
DA:64,0
DA:65,0
DA:66,0
DA:73,0
DA:77,0
DA:78,0
DA:79,0
DA:80,0
DA:81,0
DA:85,0
DA:89,0
DA:90,0
DA:92,0
DA:93,0
DA:98,0
DA:102,0
DA:103,0
DA:104,0
DA:105,0
DA:112,0
DA:121,0
DA:122,0
DA:123,0
DA:124,0
DA:126,0
DA:137,0
DA:140,0
DA:145,0
DA:148,0
DA:180,0
DA:181,0
DA:182,0
DA:185,0
DA:186,0
DA:187,0
DA:188,0
DA:191,0
DA:192,0
DA:193,0
DA:195,0
DA:196,0
DA:197,0
DA:198,0
DA:199,0
DA:202,0
DA:203,0
DA:206,0
DA:210,0
DA:211,0
DA:212,0
DA:213,0
DA:219,0
DA:220,0
DA:232,0
DA:237,0
DA:245,0
DA:248,0
LF:84
LH:3
BRDA:50,1,0,0
BRDA:50,1,1,0
BRDA:85,2,0,0
BRDA:85,2,1,0
BRDA:198,3,0,0
BRDA:198,3,1,0
BRDA:210,4,0,0
BRDA:210,4,1,0
BRDA:210,5,0,0
BRDA:210,5,1,0
BRF:10
BRH:0
end_of_record
TN:
SF:./js/src/workspaces/lockController.js
FN:1,(anonymous_1)
FN:3,(anonymous_2)
FNF:2
FNH:1
FNDA:1,(anonymous_1)
FNDA:0,(anonymous_2)
DA:1,1
DA:3,1
DA:5,0
DA:11,1
LF:4
LH:3
BRF:0
BRH:0
end_of_record
TN:
SF:./js/src/workspaces/slot.js
FN:1,(anonymous_1)
FN:3,(anonymous_2)
FN:21,(anonymous_3)
FN:31,(anonymous_4)
FN:34,(anonymous_5)
FN:35,(anonymous_6)
FN:38,(anonymous_7)
FN:46,(anonymous_8)
FN:64,(anonymous_9)
FN:71,(anonymous_10)
FNF:10
FNH:5
FNDA:1,(anonymous_1)
FNDA:16,(anonymous_2)
FNDA:16,(anonymous_3)
FNDA:16,(anonymous_4)
FNDA:0,(anonymous_5)
FNDA:0,(anonymous_6)
FNDA:0,(anonymous_7)
FNDA:123,(anonymous_8)
FNDA:0,(anonymous_9)
FNDA:0,(anonymous_10)
DA:1,1
DA:3,1
DA:5,16
DA:16,16
DA:20,1
DA:22,16
DA:26,16
DA:28,16
DA:32,16
DA:34,16
DA:35,16
DA:36,0
DA:38,16
DA:39,0
DA:43,0
DA:46,16
DA:47,123
DA:48,2
DA:50,121
DA:54,123
DA:55,0
DA:56,0
DA:65,0
DA:66,0
DA:67,0
DA:72,0
DA:73,0
DA:75,0
LF:28
LH:17
BRDA:39,1,0,0
BRDA:39,1,1,0
BRDA:39,2,0,0
BRDA:39,2,1,0
BRDA:47,3,0,2
BRDA:47,3,1,121
BRDA:54,4,0,0
BRDA:54,4,1,123
BRDA:65,5,0,0
BRDA:65,5,1,0
BRF:10
BRH:3
end_of_record
TN:
SF:./js/src/workspaces/window.js
FN:1,(anonymous_1)
FN:3,(anonymous_2)
FN:68,(anonymous_3)
FN:85,(anonymous_4)
FN:100,(anonymous_5)
FN:105,(anonymous_6)
FN:113,(anonymous_7)
FN:121,(anonymous_8)
FN:129,(anonymous_9)
FN:169,(anonymous_10)
FN:179,(anonymous_11)
FN:186,(anonymous_12)
FN:193,(anonymous_13)
FN:197,(anonymous_14)
FN:208,(anonymous_15)
FN:217,(anonymous_16)
FN:226,(anonymous_17)
FN:228,(anonymous_18)
FN:231,(anonymous_19)
FN:239,(anonymous_20)
FN:247,(anonymous_21)
FN:249,(anonymous_22)
FN:252,(anonymous_23)
FN:257,(anonymous_24)
FN:260,(anonymous_25)
FN:261,(anonymous_26)
FN:264,(anonymous_27)
FN:270,(anonymous_28)
FN:272,(anonymous_29)
FN:277,(anonymous_30)
FN:284,(anonymous_31)
FN:287,(anonymous_32)
FN:288,(anonymous_33)
FN:328,(anonymous_34)
FN:335,(anonymous_35)
FN:343,(anonymous_36)
FN:345,(anonymous_37)
FN:354,(anonymous_38)
FN:361,(anonymous_39)
FN:375,(anonymous_40)
FN:383,(anonymous_41)
FN:392,(anonymous_42)
FN:401,(anonymous_43)
FN:409,(anonymous_44)
FN:427,(anonymous_45)
FN:438,(anonymous_46)
FN:459,(anonymous_47)
FN:479,(anonymous_48)
FN:498,(anonymous_49)
FN:502,(anonymous_50)
FN:524,(anonymous_51)
FN:530,(anonymous_52)
FN:536,(anonymous_53)
FN:539,(anonymous_54)
FN:572,(anonymous_55)
FN:578,(anonymous_56)
FN:580,(anonymous_57)
FN:608,(anonymous_58)
FN:611,(anonymous_59)
FN:623,(anonymous_60)
FN:627,(anonymous_61)
FN:630,(anonymous_62)
FN:635,(anonymous_63)
FN:638,(anonymous_64)
FN:642,(anonymous_65)
FN:646,(anonymous_66)
FN:650,(anonymous_67)
FN:654,(anonymous_68)
FN:658,(anonymous_69)
FN:662,(anonymous_70)
FN:666,(anonymous_71)
FN:670,(anonymous_72)
FN:674,(anonymous_73)
FN:678,(anonymous_74)
FN:682,(anonymous_75)
FN:686,(anonymous_76)
FNF:76
FNH:1
FNDA:1,(anonymous_1)
FNDA:0,(anonymous_2)
FNDA:0,(anonymous_3)
FNDA:0,(anonymous_4)
FNDA:0,(anonymous_5)
FNDA:0,(anonymous_6)
FNDA:0,(anonymous_7)
FNDA:0,(anonymous_8)
FNDA:0,(anonymous_9)
FNDA:0,(anonymous_10)
FNDA:0,(anonymous_11)
FNDA:0,(anonymous_12)
FNDA:0,(anonymous_13)
FNDA:0,(anonymous_14)
FNDA:0,(anonymous_15)
FNDA:0,(anonymous_16)
FNDA:0,(anonymous_17)
FNDA:0,(anonymous_18)
FNDA:0,(anonymous_19)
FNDA:0,(anonymous_20)
FNDA:0,(anonymous_21)
FNDA:0,(anonymous_22)
FNDA:0,(anonymous_23)
FNDA:0,(anonymous_24)
FNDA:0,(anonymous_25)
FNDA:0,(anonymous_26)
FNDA:0,(anonymous_27)
FNDA:0,(anonymous_28)
FNDA:0,(anonymous_29)
FNDA:0,(anonymous_30)
FNDA:0,(anonymous_31)
FNDA:0,(anonymous_32)
FNDA:0,(anonymous_33)
FNDA:0,(anonymous_34)
FNDA:0,(anonymous_35)
FNDA:0,(anonymous_36)
FNDA:0,(anonymous_37)
FNDA:0,(anonymous_38)
FNDA:0,(anonymous_39)
FNDA:0,(anonymous_40)
FNDA:0,(anonymous_41)
FNDA:0,(anonymous_42)
FNDA:0,(anonymous_43)
FNDA:0,(anonymous_44)
FNDA:0,(anonymous_45)
FNDA:0,(anonymous_46)
FNDA:0,(anonymous_47)
FNDA:0,(anonymous_48)
FNDA:0,(anonymous_49)
FNDA:0,(anonymous_50)
FNDA:0,(anonymous_51)
FNDA:0,(anonymous_52)
FNDA:0,(anonymous_53)
FNDA:0,(anonymous_54)
FNDA:0,(anonymous_55)
FNDA:0,(anonymous_56)
FNDA:0,(anonymous_57)
FNDA:0,(anonymous_58)
FNDA:0,(anonymous_59)
FNDA:0,(anonymous_60)
FNDA:0,(anonymous_61)
FNDA:0,(anonymous_62)
FNDA:0,(anonymous_63)
FNDA:0,(anonymous_64)
FNDA:0,(anonymous_65)
FNDA:0,(anonymous_66)
FNDA:0,(anonymous_67)
FNDA:0,(anonymous_68)
FNDA:0,(anonymous_69)
FNDA:0,(anonymous_70)
FNDA:0,(anonymous_71)
FNDA:0,(anonymous_72)
FNDA:0,(anonymous_73)
FNDA:0,(anonymous_74)
FNDA:0,(anonymous_75)
FNDA:0,(anonymous_76)
DA:1,1
DA:3,1
DA:5,0
DA:62,0
DA:63,0
DA:67,1
DA:69,0
DA:76,0
DA:77,0
DA:80,0
DA:82,0
DA:85,0
DA:86,0
DA:87,0
DA:90,0
DA:91,0
DA:92,0
DA:95,0
DA:96,0
DA:99,0
DA:100,0
DA:101,0
DA:104,0
DA:105,0
DA:106,0
DA:108,0
DA:110,0
DA:112,0
DA:113,0
DA:114,0
DA:117,0
DA:121,0
DA:122,0
DA:124,0
DA:125,0
DA:126,0
DA:128,0
DA:129,0
DA:130,0
DA:133,0
DA:136,0
DA:137,0
DA:140,0
DA:141,0
DA:143,0
DA:144,0
DA:146,0
DA:147,0
DA:149,0
DA:150,0
DA:152,0
DA:153,0
DA:155,0
DA:158,0
DA:159,0
DA:162,0
DA:164,0
DA:165,0
DA:170,0
DA:171,0
DA:180,0
DA:181,0
DA:182,0
DA:183,0
DA:184,0
DA:186,0
DA:187,0
DA:194,0
DA:197,0
DA:198,0
DA:199,0
DA:200,0
DA:201,0
DA:202,0
DA:204,0
DA:208,0
DA:209,0
DA:210,0
DA:211,0
DA:213,0
DA:217,0
DA:218,0
DA:219,0
DA:221,0
DA:227,0
DA:228,0
DA:229,0
DA:231,0
DA:232,0
DA:233,0
DA:234,0
DA:236,0
DA:237,0
DA:241,0
DA:243,0
DA:247,0
DA:249,0
DA:253,0
DA:257,0
DA:260,0
DA:261,0
DA:262,0
DA:271,0
DA:272,0
DA:273,0
DA:278,0
DA:279,0
DA:280,0
DA:285,0
DA:287,0
DA:288,0
DA:290,0
DA:291,0
DA:303,0
DA:306,0
DA:307,0
DA:311,0
DA:312,0
DA:316,0
DA:317,0
DA:325,0
DA:329,0
DA:330,0
DA:332,0
DA:336,0
DA:337,0
DA:339,0
DA:344,0
DA:345,0
DA:346,0
DA:349,0
DA:350,0
DA:356,0
DA:357,0
DA:358,0
DA:362,0
DA:363,0
DA:364,0
DA:365,0
DA:366,0
DA:368,0
DA:369,0
DA:370,0
DA:371,0
DA:376,0
DA:377,0
DA:378,0
DA:379,0
DA:384,0
DA:385,0
DA:386,0
DA:387,0
DA:389,0
DA:392,0
DA:393,0
DA:394,0
DA:398,0
DA:402,0
DA:404,0
DA:405,0
DA:406,0
DA:409,0
DA:410,0
DA:411,0
DA:414,0
DA:415,0
DA:416,0
DA:417,0
DA:428,0
DA:429,0
DA:430,0
DA:432,0
DA:433,0
DA:435,0
DA:439,0
DA:440,0
DA:441,0
DA:453,0
DA:454,0
DA:456,0
DA:460,0
DA:461,0
DA:462,0
DA:473,0
DA:474,0
DA:476,0
DA:480,0
DA:481,0
DA:482,0
DA:483,0
DA:492,0
DA:493,0
DA:495,0
DA:499,0
DA:503,0
DA:504,0
DA:505,0
DA:506,0
DA:507,0
DA:508,0
DA:510,0
DA:511,0
DA:513,0
DA:514,0
DA:516,0
DA:517,0
DA:519,0
DA:521,0
DA:525,0
DA:526,0
DA:527,0
DA:531,0
DA:532,0
DA:533,0
DA:540,0
DA:541,0
DA:542,0
DA:545,0
DA:546,0
DA:549,0
DA:550,0
DA:553,0
DA:554,0
DA:557,0
DA:558,0
DA:560,0
DA:563,0
DA:564,0
DA:574,0
DA:577,0
DA:578,0
DA:579,0
DA:580,0
DA:582,0
DA:583,0
DA:586,0
DA:588,0
DA:593,0
DA:594,0
DA:597,0
DA:598,0
DA:599,0
DA:602,0
DA:603,0
DA:604,0
DA:605,0
DA:606,0
DA:608,0
DA:609,0
DA:611,0
DA:612,0
DA:613,0
DA:615,0
DA:617,0
DA:624,0
DA:626,0
DA:628,0
DA:631,0
DA:634,0
DA:636,0
DA:639,0
DA:642,0
DA:643,0
DA:646,0
DA:647,0
DA:650,0
DA:651,0
DA:654,0
DA:655,0
DA:658,0
DA:659,0
DA:662,0
DA:663,0
DA:666,0
DA:667,0
DA:670,0
DA:671,0
DA:674,0
DA:675,0
DA:678,0
DA:679,0
DA:682,0
DA:683,0
DA:686,0
DA:687,0
LF:285
LH:3
BRDA:86,1,0,0
BRDA:86,1,1,0
BRDA:91,2,0,0
BRDA:91,2,1,0
BRDA:99,3,0,0
BRDA:99,3,1,0
BRDA:99,4,0,0
BRDA:99,4,1,0
BRDA:104,5,0,0
BRDA:104,5,1,0
BRDA:104,6,0,0
BRDA:104,6,1,0
BRDA:112,7,0,0
BRDA:112,7,1,0
BRDA:112,8,0,0
BRDA:112,8,1,0
BRDA:128,9,0,0
BRDA:128,9,1,0
BRDA:141,10,0,0
BRDA:141,10,1,0
BRDA:141,10,2,0
BRDA:141,10,3,0
BRDA:141,10,4,0
BRDA:158,11,0,0
BRDA:158,11,1,0
BRDA:164,12,0,0
BRDA:164,12,1,0
BRDA:183,13,0,0
BRDA:183,13,1,0
BRDA:184,14,0,0
BRDA:184,14,1,0
BRDA:198,15,0,0
BRDA:198,15,1,0
BRDA:201,16,0,0
BRDA:201,16,1,0
BRDA:210,17,0,0
BRDA:210,17,1,0
BRDA:218,18,0,0
BRDA:218,18,1,0
BRDA:290,19,0,0
BRDA:290,19,1,0
BRDA:290,20,0,0
BRDA:290,20,1,0
BRDA:306,21,0,0
BRDA:306,21,1,0
BRDA:306,22,0,0
BRDA:306,22,1,0
BRDA:311,23,0,0
BRDA:311,23,1,0
BRDA:311,24,0,0
BRDA:311,24,1,0
BRDA:316,25,0,0
BRDA:316,25,1,0
BRDA:325,26,0,0
BRDA:325,26,1,0
BRDA:329,27,0,0
BRDA:329,27,1,0
BRDA:336,28,0,0
BRDA:336,28,1,0
BRDA:349,29,0,0
BRDA:349,29,1,0
BRDA:362,30,0,0
BRDA:362,30,1,0
BRDA:376,31,0,0
BRDA:376,31,1,0
BRDA:378,32,0,0
BRDA:378,32,1,0
BRDA:386,33,0,0
BRDA:386,33,1,0
BRDA:393,34,0,0
BRDA:393,34,1,0
BRDA:405,35,0,0
BRDA:405,35,1,0
BRDA:405,36,0,0
BRDA:405,36,1,0
BRDA:410,37,0,0
BRDA:410,37,1,0
BRDA:410,38,0,0
BRDA:410,38,1,0
BRDA:429,39,0,0
BRDA:429,39,1,0
BRDA:440,40,0,0
BRDA:440,40,1,0
BRDA:461,41,0,0
BRDA:461,41,1,0
BRDA:481,42,0,0
BRDA:481,42,1,0
BRDA:511,43,0,0
BRDA:511,43,1,0
BRDA:511,43,2,0
BRDA:542,44,0,0
BRDA:542,44,1,0
BRDA:542,44,2,0
BRDA:542,44,3,0
BRDA:542,44,4,0
BRDA:563,45,0,0
BRDA:563,45,1,0
BRDA:577,46,0,0
BRDA:577,46,1,0
BRDA:582,47,0,0
BRDA:582,47,1,0
BRDA:593,48,0,0
BRDA:593,48,1,0
BRDA:597,49,0,0
BRDA:597,49,1,0
BRDA:597,50,0,0
BRDA:597,50,1,0
BRDA:612,51,0,0
BRDA:612,51,1,0
BRF:109
BRH:0
end_of_record
TN:
SF:./js/src/widgets/annotationsLayer.js
FN:1,(anonymous_1)
FN:3,(anonymous_2)
FN:22,(anonymous_3)
FN:30,(anonymous_4)
FN:33,(anonymous_5)
FN:38,(anonymous_6)
FN:44,(anonymous_7)
FN:56,(anonymous_8)
FN:61,(anonymous_9)
FN:70,(anonymous_10)
FN:76,(anonymous_11)
FN:91,(anonymous_12)
FNF:12
FNH:1
FNDA:1,(anonymous_1)
FNDA:0,(anonymous_2)
FNDA:0,(anonymous_3)
FNDA:0,(anonymous_4)
FNDA:0,(anonymous_5)
FNDA:0,(anonymous_6)
FNDA:0,(anonymous_7)
FNDA:0,(anonymous_8)
FNDA:0,(anonymous_9)
FNDA:0,(anonymous_10)
FNDA:0,(anonymous_11)
FNDA:0,(anonymous_12)
DA:1,1
DA:3,1
DA:5,0
DA:17,0
DA:20,1
DA:23,0
DA:24,0
DA:26,0
DA:27,0
DA:31,0
DA:33,0
DA:34,0
DA:35,0
DA:38,0
DA:39,0
DA:40,0
DA:45,0
DA:46,0
DA:53,0
DA:57,0
DA:58,0
DA:63,0
DA:64,0
DA:65,0
DA:71,0
DA:73,0
DA:77,0
DA:78,0
DA:79,0
DA:86,0
DA:88,0
DA:92,0
LF:32
LH:3
BRDA:63,1,0,0
BRDA:63,1,1,0
BRDA:64,2,0,0
BRDA:64,2,1,0
BRDA:65,3,0,0
BRDA:65,3,1,0
BRDA:78,4,0,0
BRDA:78,4,1,0
BRF:8
BRH:0
end_of_record
TN:
SF:./js/src/widgets/bookView.js
FN:1,(anonymous_1)
FN:3,(anonymous_2)
FN:33,(anonymous_3)
FN:72,(anonymous_4)
FN:81,(anonymous_5)
FN:89,(anonymous_6)
FN:93,(anonymous_7)
FN:97,(anonymous_8)
FN:105,(anonymous_9)
FN:113,(anonymous_10)
FN:118,(anonymous_11)
FN:132,(anonymous_12)
FN:144,(anonymous_13)
FN:148,(anonymous_14)
FN:154,(anonymous_15)
FN:168,(anonymous_16)
FN:170,(anonymous_17)
FN:182,(anonymous_18)
FN:186,(anonymous_19)
FN:196,(anonymous_20)
FN:198,(anonymous_21)
FN:214,(anonymous_22)
FN:229,(anonymous_23)
FN:241,(anonymous_24)
FN:314,(anonymous_25)
FNF:25
FNH:1
FNDA:1,(anonymous_1)
FNDA:0,(anonymous_2)
FNDA:0,(anonymous_3)
FNDA:0,(anonymous_4)
FNDA:0,(anonymous_5)
FNDA:0,(anonymous_6)
FNDA:0,(anonymous_7)
FNDA:0,(anonymous_8)
FNDA:0,(anonymous_9)
FNDA:0,(anonymous_10)
FNDA:0,(anonymous_11)
FNDA:0,(anonymous_12)
FNDA:0,(anonymous_13)
FNDA:0,(anonymous_14)
FNDA:0,(anonymous_15)
FNDA:0,(anonymous_16)
FNDA:0,(anonymous_17)
FNDA:0,(anonymous_18)
FNDA:0,(anonymous_19)
FNDA:0,(anonymous_20)
FNDA:0,(anonymous_21)
FNDA:0,(anonymous_22)
FNDA:0,(anonymous_23)
FNDA:0,(anonymous_24)
FNDA:0,(anonymous_25)
DA:1,1
DA:3,1
DA:5,0
DA:27,0
DA:31,1
DA:34,0
DA:35,0
DA:38,0
DA:39,0
DA:45,0
DA:47,0
DA:48,0
DA:56,0
DA:57,0
DA:59,0
DA:60,0
DA:63,0
DA:64,0
DA:73,0
DA:74,0
DA:75,0
DA:82,0
DA:83,0
DA:85,0
DA:90,0
DA:94,0
DA:98,0
DA:99,0
DA:101,0
DA:106,0
DA:107,0
DA:109,0
DA:114,0
DA:115,0
DA:116,0
DA:117,0
DA:118,0
DA:119,0
DA:121,0
DA:122,0
DA:123,0
DA:127,0
DA:128,0
DA:133,0
DA:142,0
DA:144,0
DA:145,0
DA:148,0
DA:149,0
DA:150,0
DA:154,0
DA:155,0
DA:157,0
DA:163,0
DA:168,0
DA:169,0
DA:170,0
DA:171,0
DA:172,0
DA:173,0
DA:174,0
DA:176,0
DA:180,0
DA:182,0
DA:183,0
DA:186,0
DA:187,0
DA:191,0
DA:197,0
DA:198,0
DA:199,0
DA:200,0
DA:207,0
DA:215,0
DA:216,0
DA:217,0
DA:219,0
DA:221,0
DA:222,0
DA:230,0
DA:231,0
DA:232,0
DA:234,0
DA:236,0
DA:237,0
DA:245,0
DA:252,0
DA:254,0
DA:256,0
DA:257,0
DA:259,0
DA:261,0
DA:262,0
DA:264,0
DA:266,0
DA:267,0
DA:268,0
DA:270,0
DA:271,0
DA:272,0
DA:274,0
DA:275,0
DA:276,0
DA:278,0
DA:279,0
DA:280,0
DA:282,0
DA:286,0
DA:288,0
DA:289,0
DA:290,0
DA:292,0
DA:293,0
DA:294,0
DA:296,0
DA:297,0
DA:298,0
DA:300,0
DA:301,0
DA:302,0
DA:304,0
DA:307,0
DA:314,0
DA:315,0
DA:317,0
DA:318,0
LF:126
LH:3
BRDA:34,1,0,0
BRDA:34,1,1,0
BRDA:38,2,0,0
BRDA:38,2,1,0
BRDA:56,3,0,0
BRDA:56,3,1,0
BRDA:59,4,0,0
BRDA:59,4,1,0
BRDA:82,5,0,0
BRDA:82,5,1,0
BRDA:98,6,0,0
BRDA:98,6,1,0
BRDA:106,7,0,0
BRDA:106,7,1,0
BRDA:118,8,0,0
BRDA:118,8,1,0
BRDA:121,9,0,0
BRDA:121,9,1,0
BRDA:150,10,0,0
BRDA:150,10,1,0
BRDA:172,11,0,0
BRDA:172,11,1,0
BRDA:216,12,0,0
BRDA:216,12,1,0
BRDA:221,13,0,0
BRDA:221,13,1,0
BRDA:231,14,0,0
BRDA:231,14,1,0
BRDA:236,15,0,0
BRDA:236,15,1,0
BRDA:254,16,0,0
BRDA:254,16,1,0
BRDA:257,17,0,0
BRDA:257,17,1,0
BRDA:259,18,0,0
BRDA:259,18,1,0
BRDA:259,19,0,0
BRDA:259,19,1,0
BRDA:262,20,0,0
BRDA:262,20,1,0
BRDA:264,21,0,0
BRDA:264,21,1,0
BRDA:264,21,2,0
BRDA:264,21,3,0
BRDA:264,21,4,0
BRDA:286,22,0,0
BRDA:286,22,1,0
BRDA:286,22,2,0
BRDA:286,22,3,0
BRDA:286,22,4,0
BRDA:307,23,0,0
BRDA:307,23,1,0
BRF:52
BRH:0
end_of_record
TN:
SF:./js/src/widgets/contextControls.js
FN:1,(anonymous_1)
FN:3,(anonymous_2)
FN:20,(anonymous_3)
FN:26,(anonymous_4)
FN:30,(anonymous_5)
FN:34,(anonymous_6)
FN:37,(anonymous_7)
FN:41,(anonymous_8)
FN:47,(anonymous_9)
FNF:9
FNH:1
FNDA:1,(anonymous_1)
FNDA:0,(anonymous_2)
FNDA:0,(anonymous_3)
FNDA:0,(anonymous_4)
FNDA:0,(anonymous_5)
FNDA:0,(anonymous_6)
FNDA:0,(anonymous_7)
FNDA:0,(anonymous_8)
FNDA:0,(anonymous_9)
DA:1,1
DA:3,1
DA:5,0
DA:15,0
DA:18,1
DA:21,0
DA:22,0
DA:23,0
DA:27,0
DA:31,0
DA:35,0
DA:37,0
DA:38,0
DA:41,0
DA:42,0
DA:43,0
DA:44,0
DA:47,0
DA:48,0
DA:49,0
DA:50,0
DA:51,0
LF:22
LH:3
BRDA:48,1,0,0
BRDA:48,1,1,0
BRDA:50,2,0,0
BRDA:50,2,1,0
BRF:4
BRH:0
end_of_record
TN:
SF:./js/src/widgets/hud.js
FN:1,(anonymous_1)
FN:3,(anonymous_2)
FN:19,(anonymous_3)
FN:47,(anonymous_4)
FN:52,(anonymous_5)
FN:56,(anonymous_6)
FN:60,(anonymous_7)
FN:68,(anonymous_8)
FN:72,(anonymous_9)
FN:77,(anonymous_10)
FN:82,(anonymous_11)
FN:87,(anonymous_12)
FN:92,(anonymous_13)
FN:101,(anonymous_14)
FN:111,(anonymous_15)
FN:119,(anonymous_16)
FN:123,(anonymous_17)
FN:128,(anonymous_18)
FN:140,(anonymous_19)
FN:158,(anonymous_20)
FN:170,(anonymous_21)
FN:177,(anonymous_22)
FN:184,(anonymous_23)
FN:191,(anonymous_24)
FN:206,(anonymous_25)
FNF:25
FNH:1
FNDA:1,(anonymous_1)
FNDA:0,(anonymous_2)
FNDA:0,(anonymous_3)
FNDA:0,(anonymous_4)
FNDA:0,(anonymous_5)
FNDA:0,(anonymous_6)
FNDA:0,(anonymous_7)
FNDA:0,(anonymous_8)
FNDA:0,(anonymous_9)
FNDA:0,(anonymous_10)
FNDA:0,(anonymous_11)
FNDA:0,(anonymous_12)
FNDA:0,(anonymous_13)
FNDA:0,(anonymous_14)
FNDA:0,(anonymous_15)
FNDA:0,(anonymous_16)
FNDA:0,(anonymous_17)
FNDA:0,(anonymous_18)
FNDA:0,(anonymous_19)
FNDA:0,(anonymous_20)
FNDA:0,(anonymous_21)
FNDA:0,(anonymous_22)
FNDA:0,(anonymous_23)
FNDA:0,(anonymous_24)
FNDA:0,(anonymous_25)
DA:1,1
DA:3,1
DA:5,0
DA:14,0
DA:17,1
DA:20,0
DA:22,0
DA:28,0
DA:29,0
DA:38,0
DA:40,0
DA:41,0
DA:43,0
DA:48,0
DA:52,0
DA:53,0
DA:56,0
DA:57,0
DA:60,0
DA:61,0
DA:62,0
DA:64,0
DA:68,0
DA:69,0
DA:72,0
DA:73,0
DA:74,0
DA:75,0
DA:77,0
DA:78,0
DA:79,0
DA:80,0
DA:82,0
DA:83,0
DA:84,0
DA:85,0
DA:87,0
DA:88,0
DA:89,0
DA:90,0
DA:92,0
DA:93,0
DA:94,0
DA:95,0
DA:98,0
DA:101,0
DA:102,0
DA:103,0
DA:104,0
DA:107,0
DA:111,0
DA:112,0
DA:113,0
DA:115,0
DA:119,0
DA:120,0
DA:123,0
DA:124,0
DA:125,0
DA:128,0
DA:129,0
DA:130,0
DA:131,0
DA:132,0
DA:133,0
DA:135,0
DA:136,0
DA:140,0
DA:144,0
DA:145,0
DA:146,0
DA:147,0
DA:148,0
DA:149,0
DA:151,0
DA:152,0
DA:160,0
DA:161,0
DA:171,0
DA:172,0
DA:173,0
DA:175,0
DA:178,0
DA:179,0
DA:180,0
DA:181,0
DA:185,0
DA:186,0
DA:187,0
DA:188,0
DA:192,0
DA:193,0
DA:195,0
DA:196,0
DA:197,0
DA:198,0
DA:200,0
DA:207,0
DA:210,0
DA:211,0
DA:212,0
DA:213,0
DA:214,0
DA:217,0
DA:218,0
DA:219,0
DA:220,0
LF:107
LH:3
BRDA:24,1,0,0
BRDA:24,1,1,0
BRDA:28,2,0,0
BRDA:28,2,1,0
BRDA:28,3,0,0
BRDA:28,3,1,0
BRDA:40,4,0,0
BRDA:40,4,1,0
BRDA:40,5,0,0
BRDA:40,5,1,0
BRDA:61,6,0,0
BRDA:61,6,1,0
BRDA:94,7,0,0
BRDA:94,7,1,0
BRDA:103,8,0,0
BRDA:103,8,1,0
BRDA:112,9,0,0
BRDA:112,9,1,0
BRDA:131,10,0,0
BRDA:131,10,1,0
BRDA:144,11,0,0
BRDA:144,11,1,0
BRDA:147,12,0,0
BRDA:147,12,1,0
BRDA:172,13,0,0
BRDA:172,13,1,0
BRDA:180,14,0,0
BRDA:180,14,1,0
BRDA:187,15,0,0
BRDA:187,15,1,0
BRDA:192,16,0,0
BRDA:192,16,1,0
BRDA:192,17,0,0
BRDA:192,17,1,0
BRDA:197,18,0,0
BRDA:197,18,1,0
BRDA:210,19,0,0
BRDA:210,19,1,0
BRF:38
BRH:0
end_of_record
TN:
SF:./js/src/widgets/imageView.js
FN:1,(anonymous_1)
FN:3,(anonymous_2)
FN:32,(anonymous_3)
FN:69,(anonymous_4)
FN:83,(anonymous_5)
FN:91,(anonymous_6)
FN:95,(anonymous_7)
FN:99,(anonymous_8)
FN:107,(anonymous_9)
FN:115,(anonymous_10)
FN:124,(anonymous_11)
FN:137,(anonymous_12)
FN:153,(anonymous_13)
FN:157,(anonymous_14)
FN:165,(anonymous_15)
FN:177,(anonymous_16)
FN:198,(anonymous_17)
FN:206,(anonymous_18)
FNF:18
FNH:1
FNDA:1,(anonymous_1)
FNDA:0,(anonymous_2)
FNDA:0,(anonymous_3)
FNDA:0,(anonymous_4)
FNDA:0,(anonymous_5)
FNDA:0,(anonymous_6)
FNDA:0,(anonymous_7)
FNDA:0,(anonymous_8)
FNDA:0,(anonymous_9)
FNDA:0,(anonymous_10)
FNDA:0,(anonymous_11)
FNDA:0,(anonymous_12)
FNDA:0,(anonymous_13)
FNDA:0,(anonymous_14)
FNDA:0,(anonymous_15)
FNDA:0,(anonymous_16)
FNDA:0,(anonymous_17)
FNDA:0,(anonymous_18)
DA:1,1
DA:3,1
DA:5,0
DA:27,0
DA:30,1
DA:35,0
DA:36,0
DA:39,0
DA:40,0
DA:45,0
DA:46,0
DA:47,0
DA:50,0
DA:51,0
DA:54,0
DA:70,0
DA:71,0
DA:72,0
DA:84,0
DA:85,0
DA:87,0
DA:92,0
DA:96,0
DA:100,0
DA:101,0
DA:103,0
DA:108,0
DA:109,0
DA:111,0
DA:116,0
DA:122,0
DA:124,0
DA:125,0
DA:131,0
DA:137,0
DA:138,0
DA:139,0
DA:140,0
DA:143,0
DA:145,0
DA:146,0
DA:151,0
DA:153,0
DA:154,0
DA:157,0
DA:158,0
DA:166,0
DA:167,0
DA:178,0
DA:179,0
DA:180,0
DA:181,0
DA:182,0
DA:186,0
DA:187,0
DA:188,0
DA:190,0
DA:191,0
DA:194,0
DA:199,0
DA:201,0
DA:202,0
DA:207,0
DA:209,0
DA:210,0
LF:65
LH:3
BRDA:35,1,0,0
BRDA:35,1,1,0
BRDA:39,2,0,0
BRDA:39,2,1,0
BRDA:84,3,0,0
BRDA:84,3,1,0
BRDA:100,4,0,0
BRDA:100,4,1,0
BRDA:108,5,0,0
BRDA:108,5,1,0
BRDA:138,6,0,0
BRDA:138,6,1,0
BRDA:145,7,0,0
BRDA:145,7,1,0
BRDA:169,8,0,0
BRDA:169,8,1,0
BRDA:178,9,0,0
BRDA:178,9,1,0
BRDA:190,10,0,0
BRDA:190,10,1,0
BRDA:201,11,0,0
BRDA:201,11,1,0
BRDA:209,12,0,0
BRDA:209,12,1,0
BRF:24
BRH:0
end_of_record
TN:
SF:./js/src/widgets/metadataView.js
FN:1,(anonymous_1)
FN:3,(anonymous_2)
FN:19,(anonymous_3)
FN:34,(anonymous_4)
FN:37,(anonymous_5)
FN:56,(anonymous_6)
FN:74,(anonymous_7)
FN:95,(anonymous_8)
FN:102,(anonymous_9)
FN:118,(anonymous_10)
FN:122,(anonymous_11)
FN:143,(anonymous_12)
FN:151,(anonymous_13)
FN:160,(anonymous_14)
FN:166,(anonymous_15)
FN:172,(anonymous_16)
FN:179,(anonymous_17)
FN:182,(anonymous_18)
FN:190,(anonymous_19)
FN:198,(anonymous_20)
FN:206,(anonymous_21)
FN:216,(anonymous_22)
FNF:22
FNH:1
FNDA:1,(anonymous_1)
FNDA:0,(anonymous_2)
FNDA:0,(anonymous_3)
FNDA:0,(anonymous_4)
FNDA:0,(anonymous_5)
FNDA:0,(anonymous_6)
FNDA:0,(anonymous_7)
FNDA:0,(anonymous_8)
FNDA:0,(anonymous_9)
FNDA:0,(anonymous_10)
FNDA:0,(anonymous_11)
FNDA:0,(anonymous_12)
FNDA:0,(anonymous_13)
FNDA:0,(anonymous_14)
FNDA:0,(anonymous_15)
FNDA:0,(anonymous_16)
FNDA:0,(anonymous_17)
FNDA:0,(anonymous_18)
FNDA:0,(anonymous_19)
FNDA:0,(anonymous_20)
FNDA:0,(anonymous_21)
FNDA:0,(anonymous_22)
DA:1,1
DA:3,1
DA:5,0
DA:13,0
DA:17,1
DA:20,0
DA:25,0
DA:26,0
DA:28,0
DA:29,0
DA:30,0
DA:31,0
DA:34,0
DA:35,0
DA:37,0
DA:38,0
DA:39,0
DA:42,0
DA:43,0
DA:51,0
DA:52,0
DA:57,0
DA:64,0
DA:65,0
DA:68,0
DA:69,0
DA:72,0
DA:73,0
DA:74,0
DA:75,0
DA:77,0
DA:80,0
DA:81,0
DA:82,0
DA:83,0
DA:84,0
DA:85,0
DA:89,0
DA:91,0
DA:96,0
DA:100,0
DA:101,0
DA:102,0
DA:103,0
DA:104,0
DA:105,0
DA:108,0
DA:109,0
DA:110,0
DA:114,0
DA:117,0
DA:118,0
DA:119,0
DA:120,0
DA:121,0
DA:122,0
DA:123,0
DA:124,0
DA:125,0
DA:128,0
DA:129,0
DA:130,0
DA:135,0
DA:137,0
DA:140,0
DA:144,0
DA:153,0
DA:161,0
DA:167,0
DA:169,0
DA:170,0
DA:171,0
DA:172,0
DA:173,0
DA:176,0
DA:183,0
DA:184,0
DA:186,0
DA:191,0
DA:192,0
DA:193,0
DA:195,0
DA:199,0
DA:200,0
DA:201,0
DA:203,0
DA:208,0
DA:212,0
DA:213,0
DA:215,0
DA:216,0
DA:217,0
DA:222,0
LF:93
LH:3
BRDA:38,1,0,0
BRDA:38,1,1,0
BRDA:42,2,0,0
BRDA:42,2,1,0
BRDA:42,3,0,0
BRDA:42,3,1,0
BRDA:64,4,0,0
BRDA:64,4,1,0
BRDA:68,5,0,0
BRDA:68,5,1,0
BRDA:72,6,0,0
BRDA:72,6,1,0
BRDA:75,7,0,0
BRDA:75,7,1,0
BRDA:80,8,0,0
BRDA:80,8,1,0
BRDA:83,9,0,0
BRDA:83,9,1,0
BRDA:84,10,0,0
BRDA:84,10,1,0
BRDA:97,11,0,0
BRDA:97,11,1,0
BRDA:98,12,0,0
BRDA:98,12,1,0
BRDA:100,13,0,0
BRDA:100,13,1,0
BRDA:103,14,0,0
BRDA:103,14,1,0
BRDA:108,15,0,0
BRDA:108,15,1,0
BRDA:117,16,0,0
BRDA:117,16,1,0
BRDA:120,17,0,0
BRDA:120,17,1,0
BRDA:123,18,0,0
BRDA:123,18,1,0
BRDA:128,19,0,0
BRDA:128,19,1,0
BRDA:145,20,0,0
BRDA:145,20,1,0
BRDA:146,21,0,0
BRDA:146,21,1,0
BRDA:147,22,0,0
BRDA:147,22,1,0
BRDA:154,23,0,0
BRDA:154,23,1,0
BRDA:155,24,0,0
BRDA:155,24,1,0
BRDA:156,25,0,0
BRDA:156,25,1,0
BRDA:162,26,0,0
BRDA:162,26,1,0
BRDA:183,27,0,0
BRDA:183,27,1,0
BRDA:192,28,0,0
BRDA:192,28,1,0
BRDA:200,29,0,0
BRDA:200,29,1,0
BRDA:212,30,0,0
BRDA:212,30,1,0
BRDA:215,31,0,0
BRDA:215,31,1,0
BRF:62
BRH:0
end_of_record
TN:
SF:./js/src/widgets/scale.js
FN:1,(anonymous_1)
FN:3,(anonymous_2)
FNF:2
FNH:1
FNDA:1,(anonymous_1)
FNDA:0,(anonymous_2)
DA:1,1
DA:3,1
DA:5,0
DA:11,1
LF:4
LH:3
BRF:0
BRH:0
end_of_record
TN:
SF:./js/src/widgets/scrollView.js
FN:1,(anonymous_1)
FN:3,(anonymous_2)
FNF:2
FNH:1
FNDA:1,(anonymous_1)
FNDA:0,(anonymous_2)
DA:1,1
DA:3,1
DA:5,0
DA:19,0
DA:20,0
LF:5
LH:2
BRF:0
BRH:0
end_of_record
TN:
SF:./js/src/widgets/statusBar.js
FN:1,(anonymous_1)
FN:3,(anonymous_2)
FNF:2
FNH:1
FNDA:1,(anonymous_1)
FNDA:0,(anonymous_2)
DA:1,1
DA:3,1
DA:5,0
DA:11,1
LF:4
LH:3
BRF:0
BRH:0
end_of_record
TN:
SF:./js/src/widgets/thumbnailsView.js
FN:1,(anonymous_1)
FN:3,(anonymous_2)
FN:26,(anonymous_3)
FN:35,(anonymous_4)
FN:43,(anonymous_5)
FN:64,(anonymous_6)
FN:71,(anonymous_7)
FN:74,(anonymous_8)
FN:80,(anonymous_9)
FN:94,(anonymous_10)
FN:96,(anonymous_11)
FN:100,(anonymous_12)
FN:104,(anonymous_13)
FN:110,(anonymous_14)
FN:115,(anonymous_15)
FN:120,(anonymous_16)
FN:128,(anonymous_17)
FN:130,(anonymous_18)
FN:138,(anonymous_19)
FN:142,(anonymous_20)
FN:147,(anonymous_21)
FN:151,(anonymous_22)
FN:177,(anonymous_23)
FN:185,(anonymous_24)
FN:195,(anonymous_25)
FN:201,(anonymous_26)
FN:209,(anonymous_27)
FNF:27
FNH:1
FNDA:1,(anonymous_1)
FNDA:0,(anonymous_2)
FNDA:0,(anonymous_3)
FNDA:0,(anonymous_4)
FNDA:0,(anonymous_5)
FNDA:0,(anonymous_6)
FNDA:0,(anonymous_7)
FNDA:0,(anonymous_8)
FNDA:0,(anonymous_9)
FNDA:0,(anonymous_10)
FNDA:0,(anonymous_11)
FNDA:0,(anonymous_12)
FNDA:0,(anonymous_13)
FNDA:0,(anonymous_14)
FNDA:0,(anonymous_15)
FNDA:0,(anonymous_16)
FNDA:0,(anonymous_17)
FNDA:0,(anonymous_18)
FNDA:0,(anonymous_19)
FNDA:0,(anonymous_20)
FNDA:0,(anonymous_21)
FNDA:0,(anonymous_22)
FNDA:0,(anonymous_23)
FNDA:0,(anonymous_24)
FNDA:0,(anonymous_25)
FNDA:0,(anonymous_26)
FNDA:0,(anonymous_27)
DA:1,1
DA:3,1
DA:5,0
DA:20,0
DA:24,1
DA:27,0
DA:28,0
DA:31,0
DA:32,0
DA:36,0
DA:43,0
DA:44,0
DA:45,0
DA:48,0
DA:52,0
DA:61,0
DA:65,0
DA:66,0
DA:67,0
DA:68,0
DA:72,0
DA:73,0
DA:74,0
DA:75,0
DA:76,0
DA:81,0
DA:85,0
DA:86,0
DA:89,0
DA:91,0
DA:95,0
DA:96,0
DA:97,0
DA:100,0
DA:101,0
DA:104,0
DA:105,0
DA:110,0
DA:111,0
DA:112,0
DA:115,0
DA:116,0
DA:121,0
DA:122,0
DA:124,0
DA:129,0
DA:130,0
DA:131,0
DA:132,0
DA:133,0
DA:139,0
DA:142,0
DA:143,0
DA:148,0
DA:149,0
DA:151,0
DA:152,0
DA:156,0
DA:157,0
DA:159,0
DA:160,0
DA:178,0
DA:179,0
DA:180,0
DA:182,0
DA:186,0
DA:187,0
DA:188,0
DA:190,0
DA:191,0
DA:196,0
DA:202,0
DA:203,0
DA:205,0
DA:210,0
DA:211,0
DA:213,0
LF:77
LH:3
BRDA:27,1,0,0
BRDA:27,1,1,0
BRDA:44,2,0,0
BRDA:44,2,1,0
BRDA:57,3,0,0
BRDA:57,3,1,0
BRDA:85,4,0,0
BRDA:85,4,1,0
BRDA:121,5,0,0
BRDA:121,5,1,0
BRDA:131,6,0,0
BRDA:131,6,1,0
BRDA:131,7,0,0
BRDA:131,7,1,0
BRDA:159,8,0,0
BRDA:159,8,1,0
BRDA:179,9,0,0
BRDA:179,9,1,0
BRDA:187,10,0,0
BRDA:187,10,1,0
BRDA:202,11,0,0
BRDA:202,11,1,0
BRDA:210,12,0,0
BRDA:210,12,1,0
BRF:24
BRH:0
end_of_record
TN:
SF:./js/src/widgets/toc.js
FN:1,(anonymous_1)
FN:3,(anonymous_2)
FN:25,(anonymous_3)
FN:44,(anonymous_4)
FN:47,(anonymous_5)
FN:62,(anonymous_6)
FN:73,(anonymous_7)
FN:77,(anonymous_8)
FN:92,(anonymous_9)
FN:96,unflatten
FN:102,(anonymous_11)
FN:112,(anonymous_12)
FN:126,(anonymous_13)
FN:134,(anonymous_14)
FN:142,(anonymous_15)
FN:144,(anonymous_16)
FN:147,(anonymous_17)
FN:150,(anonymous_18)
FN:155,(anonymous_19)
FN:180,scroll
FN:187,(anonymous_21)
FN:191,(anonymous_22)
FN:194,(anonymous_23)
FN:197,(anonymous_24)
FN:203,(anonymous_25)
FN:213,(anonymous_26)
FN:223,(anonymous_27)
FN:238,(anonymous_28)
FN:244,(anonymous_29)
FN:251,(anonymous_30)
FN:256,(anonymous_31)
FN:274,(anonymous_32)
FN:285,(anonymous_33)
FN:304,(anonymous_34)
FN:311,(anonymous_35)
FN:318,(anonymous_36)
FN:327,(anonymous_37)
FN:336,(anonymous_38)
FN:341,(anonymous_39)
FNF:39
FNH:1
FNDA:1,(anonymous_1)
FNDA:0,(anonymous_2)
FNDA:0,(anonymous_3)
FNDA:0,(anonymous_4)
FNDA:0,(anonymous_5)
FNDA:0,(anonymous_6)
FNDA:0,(anonymous_7)
FNDA:0,(anonymous_8)
FNDA:0,(anonymous_9)
FNDA:0,unflatten
FNDA:0,(anonymous_11)
FNDA:0,(anonymous_12)
FNDA:0,(anonymous_13)
FNDA:0,(anonymous_14)
FNDA:0,(anonymous_15)
FNDA:0,(anonymous_16)
FNDA:0,(anonymous_17)
FNDA:0,(anonymous_18)
FNDA:0,(anonymous_19)
FNDA:0,scroll
FNDA:0,(anonymous_21)
FNDA:0,(anonymous_22)
FNDA:0,(anonymous_23)
FNDA:0,(anonymous_24)
FNDA:0,(anonymous_25)
FNDA:0,(anonymous_26)
FNDA:0,(anonymous_27)
FNDA:0,(anonymous_28)
FNDA:0,(anonymous_29)
FNDA:0,(anonymous_30)
FNDA:0,(anonymous_31)
FNDA:0,(anonymous_32)
FNDA:0,(anonymous_33)
FNDA:0,(anonymous_34)
FNDA:0,(anonymous_35)
FNDA:0,(anonymous_36)
FNDA:0,(anonymous_37)
FNDA:0,(anonymous_38)
FNDA:0,(anonymous_39)
DA:1,1
DA:3,1
DA:5,0
DA:20,0
DA:24,1
DA:26,0
DA:27,0
DA:28,0
DA:29,0
DA:30,0
DA:31,0
DA:33,0
DA:34,0
DA:35,0
DA:36,0
DA:37,0
DA:38,0
DA:39,0
DA:40,0
DA:45,0
DA:47,0
DA:48,0
DA:49,0
DA:58,0
DA:63,0
DA:66,0
DA:67,0
DA:70,0
DA:74,0
DA:77,0
DA:78,0
DA:81,0
DA:89,0
DA:93,0
DA:96,1
DA:100,0
DA:101,0
DA:102,0
DA:103,0
DA:104,0
DA:112,0
DA:113,0
DA:115,0
DA:126,0
DA:127,0
DA:129,0
DA:134,0
DA:136,0
DA:139,0
DA:143,0
DA:145,0
DA:148,0
DA:151,0
DA:152,0
DA:156,0
DA:157,0
DA:162,0
DA:165,0
DA:168,0
DA:171,0
DA:173,0
DA:178,0
DA:180,1
DA:181,0
DA:182,0
DA:188,0
DA:191,0
DA:194,0
DA:197,0
DA:198,0
DA:199,0
DA:200,0
DA:203,0
DA:204,0
DA:212,0
DA:213,0
DA:219,0
DA:223,0
DA:224,0
DA:226,0
DA:227,0
DA:230,0
DA:238,0
DA:239,0
DA:240,0
DA:241,0
DA:244,0
DA:245,0
DA:246,0
DA:252,0
DA:253,0
DA:257,0
DA:259,0
DA:260,0
DA:262,0
DA:275,0
DA:277,0
DA:278,0
DA:287,0
DA:302,0
DA:304,0
DA:305,0
DA:307,0
DA:308,0
DA:311,0
DA:312,0
DA:315,0
DA:318,0
DA:319,0
DA:321,0
DA:324,0
DA:328,0
DA:329,0
DA:330,0
DA:332,0
DA:337,0
DA:338,0
DA:342,0
DA:343,0
LF:119
LH:5
BRDA:28,1,0,0
BRDA:28,1,1,0
BRDA:28,2,0,0
BRDA:28,2,1,0
BRDA:48,3,0,0
BRDA:48,3,1,0
BRDA:66,4,0,0
BRDA:66,4,1,0
BRDA:100,5,0,0
BRDA:100,5,1,0
BRDA:101,6,0,0
BRDA:101,6,1,0
BRDA:102,7,0,0
BRDA:102,7,1,0
BRDA:103,8,0,0
BRDA:103,8,1,0
BRDA:104,9,0,0
BRDA:104,9,1,0
BRDA:151,10,0,0
BRDA:151,10,1,0
BRDA:151,11,0,0
BRDA:151,11,1,0
BRDA:156,12,0,0
BRDA:156,12,1,0
BRDA:156,13,0,0
BRDA:156,13,1,0
BRDA:198,14,0,0
BRDA:198,14,1,0
BRDA:259,15,0,0
BRDA:259,15,1,0
BRDA:307,16,0,0
BRDA:307,16,1,0
BRDA:328,17,0,0
BRDA:328,17,1,0
BRDA:329,18,0,0
BRDA:329,18,1,0
BRF:36
BRH:0
end_of_record
TN:
SF:./js/src/widgets/viewport.js
FN:1,(anonymous_1)
FN:3,(anonymous_2)
FNF:2
FNH:1
FNDA:1,(anonymous_1)
FNDA:0,(anonymous_2)
DA:1,1
DA:3,1
DA:5,0
DA:11,1
LF:4
LH:3
BRF:0
BRH:0
end_of_record
TN:
SF:./js/src/utils/iiif.js
FN:2,(anonymous_1)
FN:6,(anonymous_2)
FN:20,(anonymous_3)
FN:28,(anonymous_4)
FN:37,(anonymous_5)
FNF:5
FNH:1
FNDA:1,(anonymous_1)
FNDA:0,(anonymous_2)
FNDA:0,(anonymous_3)
FNDA:0,(anonymous_4)
FNDA:0,(anonymous_5)
DA:2,1
DA:4,1
DA:8,0
DA:9,0
DA:10,0
DA:11,0
DA:14,0
DA:15,0
DA:17,0
DA:21,0
DA:22,0
DA:24,0
DA:29,0
DA:30,0
DA:31,0
DA:33,0
DA:38,0
DA:41,0
DA:43,0
DA:45,0
DA:46,0
DA:47,0
DA:50,0
DA:51,0
DA:53,0
DA:54,0
DA:55,0
DA:60,0
LF:28
LH:2
BRDA:8,1,0,0
BRDA:8,1,1,0
BRDA:21,2,0,0
BRDA:21,2,1,0
BRDA:30,3,0,0
BRDA:30,3,1,0
BRDA:41,4,0,0
BRDA:41,4,1,0
BRDA:43,5,0,0
BRDA:43,5,1,0
BRDA:43,5,2,0
BRDA:45,6,0,0
BRDA:45,6,1,0
BRDA:53,7,0,0
BRDA:53,7,1,0
BRF:15
BRH:0
end_of_record
TN:
SF:./js/src/utils/jQueryPlugins.js
FN:3,(anonymous_1)
FN:4,(anonymous_2)
FN:19,(anonymous_3)
FN:25,(anonymous_4)
FN:28,(anonymous_5)
FN:39,(anonymous_6)
FN:42,(anonymous_7)
FN:51,(anonymous_8)
FN:61,(anonymous_9)
FN:64,(anonymous_10)
FNF:10
FNH:1
FNDA:0,(anonymous_1)
FNDA:0,(anonymous_2)
FNDA:1,(anonymous_3)
FNDA:0,(anonymous_4)
FNDA:0,(anonymous_5)
FNDA:0,(anonymous_6)
FNDA:0,(anonymous_7)
FNDA:0,(anonymous_8)
FNDA:0,(anonymous_9)
FNDA:0,(anonymous_10)
DA:3,1
DA:4,0
DA:5,0
DA:8,0
DA:9,0
DA:12,0
DA:19,1
DA:20,1
DA:23,1
DA:26,0
DA:28,0
DA:29,0
DA:30,0
DA:32,0
DA:33,0
DA:40,0
DA:42,0
DA:43,0
DA:45,0
DA:46,0
DA:47,0
DA:48,0
DA:51,0
DA:52,0
DA:60,1
DA:62,0
DA:65,0
LF:27
LH:5
BRDA:8,1,0,0
BRDA:8,1,1,0
BRDA:33,2,0,0
BRDA:33,2,1,0
BRDA:45,3,0,0
BRDA:45,3,1,0
BRDA:53,4,0,0
BRDA:53,4,1,0
BRF:8
BRH:0
end_of_record
TN:
SF:./js/src/utils/oaAnnotationGenerator.js
FN:1,(anonymous_1)
FN:3,(anonymous_2)
FN:19,(anonymous_3)
FN:28,(anonymous_4)
FN:38,(anonymous_5)
FN:48,(anonymous_6)
FNF:6
FNH:1
FNDA:1,(anonymous_1)
FNDA:0,(anonymous_2)
FNDA:0,(anonymous_3)
FNDA:0,(anonymous_4)
FNDA:0,(anonymous_5)
FNDA:0,(anonymous_6)
DA:1,1
DA:3,1
DA:5,0
DA:14,0
DA:17,1
DA:20,0
DA:33,0
DA:34,0
DA:35,0
DA:39,0
DA:40,0
DA:41,0
DA:49,0
DA:50,0
DA:51,0
LF:15
LH:3
BRDA:33,1,0,0
BRDA:33,1,1,0
BRDA:39,2,0,0
BRDA:39,2,1,0
BRDA:49,3,0,0
BRDA:49,3,1,0
BRF:6
BRH:0
end_of_record
TN:
SF:./js/src/utils/openSeadragon.js
FN:1,(anonymous_1)
FN:3,(anonymous_2)
FNF:2
FNH:1
FNDA:1,(anonymous_1)
FNDA:0,(anonymous_2)
DA:1,1
DA:3,1
DA:5,0
DA:20,0
LF:4
LH:2
BRF:0
BRH:0
end_of_record
TN:
SF:./js/src/utils/saveController.js
FN:1,(anonymous_1)
FN:3,(anonymous_2)
FN:19,(anonymous_3)
FN:51,(anonymous_4)
FN:62,(anonymous_5)
FN:69,(anonymous_6)
FN:91,(anonymous_7)
FN:103,(anonymous_8)
FN:109,(anonymous_9)
FN:112,(anonymous_10)
FN:123,(anonymous_11)
FN:126,(anonymous_12)
FN:138,(anonymous_13)
FN:143,(anonymous_14)
FN:154,(anonymous_15)
FN:156,(anonymous_16)
FN:163,(anonymous_17)
FN:165,(anonymous_18)
FN:177,(anonymous_19)
FN:181,(anonymous_20)
FN:182,(anonymous_21)
FN:188,(anonymous_22)
FN:217,(anonymous_23)
FNF:23
FNH:1
FNDA:1,(anonymous_1)
FNDA:0,(anonymous_2)
FNDA:0,(anonymous_3)
FNDA:0,(anonymous_4)
FNDA:0,(anonymous_5)
FNDA:0,(anonymous_6)
FNDA:0,(anonymous_7)
FNDA:0,(anonymous_8)
FNDA:0,(anonymous_9)
FNDA:0,(anonymous_10)
FNDA:0,(anonymous_11)
FNDA:0,(anonymous_12)
FNDA:0,(anonymous_13)
FNDA:0,(anonymous_14)
FNDA:0,(anonymous_15)
FNDA:0,(anonymous_16)
FNDA:0,(anonymous_17)
FNDA:0,(anonymous_18)
FNDA:0,(anonymous_19)
FNDA:0,(anonymous_20)
FNDA:0,(anonymous_21)
FNDA:0,(anonymous_22)
FNDA:0,(anonymous_23)
DA:1,1
DA:3,1
DA:5,0
DA:13,0
DA:17,1
DA:20,0
DA:23,0
DA:24,0
DA:25,0
DA:28,0
DA:30,0
DA:31,0
DA:33,0
DA:36,0
DA:37,0
DA:39,0
DA:40,0
DA:41,0
DA:42,0
DA:43,0
DA:44,0
DA:52,0
DA:58,0
DA:62,0
DA:63,0
DA:64,0
DA:68,0
DA:69,0
DA:70,0
DA:71,0
DA:80,0
DA:81,0
DA:82,0
DA:84,0
DA:87,0
DA:94,0
DA:95,0
DA:97,0
DA:99,0
DA:100,0
DA:104,0
DA:109,0
DA:110,0
DA:111,0
DA:112,0
DA:113,0
DA:114,0
DA:118,0
DA:120,0
DA:123,0
DA:124,0
DA:125,0
DA:126,0
DA:127,0
DA:128,0
DA:129,0
DA:131,0
DA:135,0
DA:138,0
DA:139,0
DA:143,0
DA:144,0
DA:145,0
DA:148,0
DA:149,0
DA:150,0
DA:154,0
DA:156,0
DA:157,0
DA:158,0
DA:160,0
DA:163,0
DA:164,0
DA:166,0
DA:168,0
DA:169,0
DA:173,0
DA:177,0
DA:178,0
DA:181,0
DA:182,0
DA:183,0
DA:185,0
DA:188,0
DA:218,0
DA:224,0
LF:86
LH:3
BRDA:23,1,0,0
BRDA:23,1,1,0
BRDA:30,2,0,0
BRDA:30,2,1,0
BRDA:36,3,0,0
BRDA:36,3,1,0
BRDA:40,4,0,0
BRDA:40,4,1,0
BRDA:63,5,0,0
BRDA:63,5,1,0
BRDA:68,6,0,0
BRDA:68,6,1,0
BRDA:70,7,0,0
BRDA:70,7,1,0
BRDA:81,8,0,0
BRDA:81,8,1,0
BRDA:94,9,0,0
BRDA:94,9,1,0
BRDA:111,10,0,0
BRDA:111,10,1,0
BRDA:111,11,0,0
BRDA:111,11,1,0
BRDA:113,12,0,0
BRDA:113,12,1,0
BRDA:125,13,0,0
BRDA:125,13,1,0
BRDA:125,14,0,0
BRDA:125,14,1,0
BRDA:127,15,0,0
BRDA:127,15,1,0
BRDA:128,16,0,0
BRDA:128,16,1,0
BRDA:144,17,0,0
BRDA:144,17,1,0
BRDA:148,18,0,0
BRDA:148,18,1,0
BRDA:157,19,0,0
BRDA:157,19,1,0
BRDA:168,20,0,0
BRDA:168,20,1,0
BRF:40
BRH:0
end_of_record
TN:
SF:./js/src/utils/utils.js
FN:1,(anonymous_1)
FN:3,(anonymous_2)
FN:11,(anonymous_3)
FN:14,(anonymous_4)
FN:23,(anonymous_5)
FN:58,(anonymous_6)
FN:62,(anonymous_7)
FN:70,(anonymous_8)
FN:71,(anonymous_9)
FN:79,(anonymous_10)
FN:83,(anonymous_11)
FN:92,(anonymous_12)
FN:97,(anonymous_13)
FN:115,(anonymous_14)
FN:117,(anonymous_15)
FN:121,(anonymous_16)
FN:139,(anonymous_17)
FN:146,(anonymous_18)
FN:164,(anonymous_19)
FN:185,(anonymous_20)
FN:186,(anonymous_21)
FN:187,(anonymous_22)
FN:192,(anonymous_23)
FN:224,(anonymous_24)
FN:242,(anonymous_25)
FN:246,(anonymous_26)
FN:250,(anonymous_27)
FN:254,(anonymous_28)
FNF:28
FNH:10
FNDA:1,(anonymous_1)
FNDA:1,(anonymous_2)
FNDA:0,(anonymous_3)
FNDA:0,(anonymous_4)
FNDA:0,(anonymous_5)
FNDA:0,(anonymous_6)
FNDA:2,(anonymous_7)
FNDA:9,(anonymous_8)
FNDA:279,(anonymous_9)
FNDA:0,(anonymous_10)
FNDA:0,(anonymous_11)
FNDA:0,(anonymous_12)
FNDA:0,(anonymous_13)
FNDA:0,(anonymous_14)
FNDA:0,(anonymous_15)
FNDA:0,(anonymous_16)
FNDA:0,(anonymous_17)
FNDA:0,(anonymous_18)
FNDA:0,(anonymous_19)
FNDA:0,(anonymous_20)
FNDA:0,(anonymous_21)
FNDA:0,(anonymous_22)
FNDA:8,(anonymous_23)
FNDA:0,(anonymous_24)
FNDA:2,(anonymous_25)
FNDA:1,(anonymous_26)
FNDA:1,(anonymous_27)
FNDA:1,(anonymous_28)
DA:1,1
DA:3,1
DA:4,1
DA:11,1
DA:12,0
DA:14,0
DA:15,0
DA:16,0
DA:20,0
DA:23,1
DA:24,0
DA:29,0
DA:32,0
DA:34,0
DA:35,0
DA:36,0
DA:38,0
DA:39,0
DA:40,0
DA:42,0
DA:44,0
DA:48,0
DA:49,0
DA:50,0
DA:51,0
DA:53,0
DA:55,0
DA:58,1
DA:59,0
DA:62,1
DA:63,2
DA:70,1
DA:71,9
DA:72,279
DA:73,279
DA:76,9
DA:79,1
DA:80,0
DA:83,1
DA:84,0
DA:85,0
DA:86,0
DA:88,0
DA:89,0
DA:92,0
DA:93,0
DA:94,0
DA:95,0
DA:97,0
DA:98,0
DA:99,0
DA:100,0
DA:101,0
DA:102,0
DA:103,0
DA:104,0
DA:105,0
DA:106,0
DA:107,0
DA:108,0
DA:109,0
DA:111,0
DA:115,1
DA:116,0
DA:117,0
DA:118,0
DA:119,0
DA:120,0
DA:121,0
DA:122,0
DA:123,0
DA:124,0
DA:126,0
DA:127,0
DA:130,0
DA:131,0
DA:132,0
DA:134,0
DA:135,0
DA:139,1
DA:140,0
DA:141,0
DA:142,0
DA:143,0
DA:146,1
DA:147,0
DA:158,0
DA:160,0
DA:164,1
DA:165,0
DA:166,0
DA:167,0
DA:169,0
DA:170,0
DA:174,0
DA:175,0
DA:177,0
DA:178,0
DA:179,0
DA:180,0
DA:182,0
DA:185,1
DA:186,0
DA:187,0
DA:189,0
DA:192,1
DA:193,8
DA:199,8
DA:201,6
DA:206,6
DA:207,9
DA:209,9
DA:210,0
DA:211,0
DA:212,0
DA:218,9
DA:221,6
DA:224,1
DA:225,0
DA:226,0
DA:227,0
DA:229,0
DA:231,0
DA:232,0
DA:234,0
DA:235,0
DA:238,0
DA:242,1
DA:243,2
DA:246,2
DA:247,1
DA:250,2
DA:251,1
DA:254,2
DA:255,1
DA:258,2
DA:259,2
LF:137
LH:40
BRDA:15,1,0,0
BRDA:15,1,1,0
BRDA:32,2,0,0
BRDA:32,2,1,0
BRDA:34,3,0,0
BRDA:34,3,1,0
BRDA:36,4,0,0
BRDA:36,4,1,0
BRDA:39,5,0,0
BRDA:39,5,1,0
BRDA:49,6,0,0
BRDA:49,6,1,0
BRDA:50,7,0,0
BRDA:50,7,1,0
BRDA:63,8,0,2
BRDA:63,8,1,1
BRDA:72,9,0,270
BRDA:72,9,1,9
BRDA:88,10,0,0
BRDA:88,10,1,0
BRDA:93,11,0,0
BRDA:93,11,1,0
BRDA:99,12,0,0
BRDA:99,12,1,0
BRDA:99,13,0,0
BRDA:99,13,1,0
BRDA:103,14,0,0
BRDA:103,14,1,0
BRDA:108,15,0,0
BRDA:108,15,1,0
BRDA:108,16,0,0
BRDA:108,16,1,0
BRDA:123,17,0,0
BRDA:123,17,1,0
BRDA:127,18,0,0
BRDA:127,18,1,0
BRDA:130,19,0,0
BRDA:130,19,1,0
BRDA:131,20,0,0
BRDA:131,20,1,0
BRDA:134,21,0,0
BRDA:134,21,1,0
BRDA:166,22,0,0
BRDA:166,22,1,0
BRDA:182,23,0,0
BRDA:182,23,1,0
BRDA:182,23,2,0
BRDA:182,23,3,0
BRDA:199,24,0,2
BRDA:199,24,1,6
BRDA:209,25,0,0
BRDA:209,25,1,9
BRDA:225,26,0,0
BRDA:225,26,1,0
BRDA:226,27,0,0
BRDA:226,27,1,0
BRDA:229,28,0,0
BRDA:229,28,1,0
BRF:58
BRH:7
end_of_record
